10/09/2021 22:49:49 - WARNING - __main__ -   Process rank: -1, device: cuda:0, n_gpu: 1, distributed training: False, 16-bits training: False
10/09/2021 22:49:50 - INFO - transformers.configuration_utils -   loading configuration file https://s3.amazonaws.com/models.huggingface.co/bert/bert-base-uncased-config.json from cache at /home/MSAI/s200048/.cache/torch/transformers/4dad0251492946e18ac39290fcfe91b89d370fee250efe9521476438fe8ca185.7156163d5fdc189c3016baca0775ffce230789d7fa2a42ef516483e4ca884517
10/09/2021 22:49:50 - INFO - transformers.configuration_utils -   Model config BertConfig {
  "_num_labels": 19,
  "architectures": [
    "BertForMaskedLM"
  ],
  "attention_probs_dropout_prob": 0.1,
  "bad_words_ids": null,
  "bos_token_id": null,
  "decoder_start_token_id": null,
  "do_sample": false,
  "early_stopping": false,
  "eos_token_id": null,
  "finetuning_task": "ace",
  "hidden_act": "gelu",
  "hidden_dropout_prob": 0.1,
  "hidden_size": 768,
  "id2label": {
    "0": "LABEL_0",
    "1": "LABEL_1",
    "2": "LABEL_2",
    "3": "LABEL_3",
    "4": "LABEL_4",
    "5": "LABEL_5",
    "6": "LABEL_6",
    "7": "LABEL_7",
    "8": "LABEL_8",
    "9": "LABEL_9",
    "10": "LABEL_10",
    "11": "LABEL_11",
    "12": "LABEL_12",
    "13": "LABEL_13",
    "14": "LABEL_14",
    "15": "LABEL_15",
    "16": "LABEL_16",
    "17": "LABEL_17",
    "18": "LABEL_18"
  },
  "initializer_range": 0.02,
  "intermediate_size": 3072,
  "is_decoder": false,
  "is_encoder_decoder": false,
  "label2id": {
    "LABEL_0": 0,
    "LABEL_1": 1,
    "LABEL_10": 10,
    "LABEL_11": 11,
    "LABEL_12": 12,
    "LABEL_13": 13,
    "LABEL_14": 14,
    "LABEL_15": 15,
    "LABEL_16": 16,
    "LABEL_17": 17,
    "LABEL_18": 18,
    "LABEL_2": 2,
    "LABEL_3": 3,
    "LABEL_4": 4,
    "LABEL_5": 5,
    "LABEL_6": 6,
    "LABEL_7": 7,
    "LABEL_8": 8,
    "LABEL_9": 9
  },
  "layer_norm_eps": 1e-12,
  "length_penalty": 1.0,
  "max_length": 20,
  "max_position_embeddings": 512,
  "min_length": 0,
  "model_type": "bert",
  "no_repeat_ngram_size": 0,
  "num_attention_heads": 12,
  "num_beams": 1,
  "num_hidden_layers": 12,
  "num_return_sequences": 1,
  "output_attentions": false,
  "output_hidden_states": false,
  "output_past": true,
  "pad_token_id": 0,
  "prefix": null,
  "pruned_heads": {},
  "repetition_penalty": 1.0,
  "task_specific_params": null,
  "temperature": 1.0,
  "top_k": 50,
  "top_p": 1.0,
  "torchscript": false,
  "type_vocab_size": 2,
  "use_bfloat16": false,
  "vocab_size": 30522
}

10/09/2021 22:49:51 - INFO - transformers.tokenization_utils -   loading file https://s3.amazonaws.com/models.huggingface.co/bert/bert-base-uncased-vocab.txt from cache at /home/MSAI/s200048/.cache/torch/transformers/26bc1ad6c0ac742e9b52263248f6d0f00068293b33709fae12320c0e35ccfbbb.542ce4285a40d23a559526243235df47c5f75c197f04f37d1a0c124c32c9a084
10/09/2021 22:49:52 - INFO - transformers.modeling_utils -   loading weights file https://s3.amazonaws.com/models.huggingface.co/bert/bert-base-uncased-pytorch_model.bin from cache at /home/MSAI/s200048/.cache/torch/transformers/aa1ef1aede4482d0dbcd4d52baad8ae300e60902e88fcb0bebdec09afd232066.36ca03ab34a1a5d5fa7bc3d03d55c4fa650fed07220e2eeebc06ce58d0e9a157
10/09/2021 22:49:54 - INFO - transformers.modeling_utils -   Weights of DMBERT not initialized from pretrained model: ['classifier.weight', 'classifier.bias']
10/09/2021 22:49:54 - INFO - transformers.modeling_utils -   Weights from pretrained model not used in DMBERT: ['cls.predictions.bias', 'cls.predictions.transform.dense.weight', 'cls.predictions.transform.dense.bias', 'cls.predictions.decoder.weight', 'cls.seq_relationship.weight', 'cls.seq_relationship.bias', 'cls.predictions.transform.LayerNorm.weight', 'cls.predictions.transform.LayerNorm.bias']
10/09/2021 22:49:58 - INFO - __main__ -   Training/evaluation parameters Namespace(adam_epsilon=1e-08, cache_dir='', config_name='', data_dir='./ACE05_shuffles_sentivent/', device=device(type='cuda', index=0), do_eval=True, do_infer=False, do_lower_case=True, do_test=True, do_train=True, eval_all_checkpoints=False, evaluate_during_training=True, fp16=False, fp16_opt_level='O1', gradient_accumulation_steps=2, learning_rate=5e-05, local_rank=-1, logging_steps=300, max_grad_norm=1.0, max_seq_length=128, max_steps=-1, model_name_or_path='bert-base-uncased', model_type='bert', n_gpu=1, no_cuda=False, num_train_epochs=10.0, output_dir='./ACE_shuffles_sentivent_5e5', overwrite_cache=False, overwrite_output_dir=False, per_gpu_eval_batch_size=42, per_gpu_train_batch_size=42, save_steps=1000, seed=3, server_ip='', server_port='', task_name='ace', tokenizer_name='', warmup_steps=0, weight_decay=0.0)
10/09/2021 22:49:58 - INFO - __main__ -   Creating features from dataset file at ./ACE05_shuffles_sentivent/
10/09/2021 22:49:58 - INFO - utils_ee -   LOOKING AT ./ACE05_shuffles_sentivent/ train
10/09/2021 22:50:00 - INFO - __main__ -   Training number: 87349
10/09/2021 22:50:00 - INFO - utils_ee -   Writing example 0 of 87349
10/09/2021 22:50:00 - INFO - utils_ee -   *** Example ***
10/09/2021 22:50:00 - INFO - utils_ee -   example_id: train-0
10/09/2021 22:50:00 - INFO - utils_ee -   input_ids: 101 2029 2502 6887 27292 2050 2003 1996 1 2190 2 11443 4859 4518 1029 102 0 0 0 0 0 0 0 0 0 0 0 0 0 0 0 0 0 0 0 0 0 0 0 0 0 0 0 0 0 0 0 0 0 0 0 0 0 0 0 0 0 0 0 0 0 0 0 0 0 0 0 0 0 0 0 0 0 0 0 0 0 0 0 0 0 0 0 0 0 0 0 0 0 0 0 0 0 0 0 0 0 0 0 0 0 0 0 0 0 0 0 0 0 0 0 0 0 0 0 0 0 0 0 0 0 0 0 0 0 0 0 0
10/09/2021 22:50:00 - INFO - utils_ee -   attention_mask: 1 1 1 1 1 1 1 1 1 1 1 1 1 1 1 1 0 0 0 0 0 0 0 0 0 0 0 0 0 0 0 0 0 0 0 0 0 0 0 0 0 0 0 0 0 0 0 0 0 0 0 0 0 0 0 0 0 0 0 0 0 0 0 0 0 0 0 0 0 0 0 0 0 0 0 0 0 0 0 0 0 0 0 0 0 0 0 0 0 0 0 0 0 0 0 0 0 0 0 0 0 0 0 0 0 0 0 0 0 0 0 0 0 0 0 0 0 0 0 0 0 0 0 0 0 0 0 0
10/09/2021 22:50:00 - INFO - utils_ee -   token_type_ids: 0 0 0 0 0 0 0 0 0 0 0 0 0 0 0 0 0 0 0 0 0 0 0 0 0 0 0 0 0 0 0 0 0 0 0 0 0 0 0 0 0 0 0 0 0 0 0 0 0 0 0 0 0 0 0 0 0 0 0 0 0 0 0 0 0 0 0 0 0 0 0 0 0 0 0 0 0 0 0 0 0 0 0 0 0 0 0 0 0 0 0 0 0 0 0 0 0 0 0 0 0 0 0 0 0 0 0 0 0 0 0 0 0 0 0 0 0 0 0 0 0 0 0 0 0 0 0 0
10/09/2021 22:50:00 - INFO - utils_ee -   maskL: 1.0 1.0 1.0 1.0 1.0 1.0 1.0 1.0 0.0 0.0 0.0 0.0 0.0 0.0 0.0 0.0 0.0 0.0 0.0 0.0 0.0 0.0 0.0 0.0 0.0 0.0 0.0 0.0 0.0 0.0 0.0 0.0 0.0 0.0 0.0 0.0 0.0 0.0 0.0 0.0 0.0 0.0 0.0 0.0 0.0 0.0 0.0 0.0 0.0 0.0 0.0 0.0 0.0 0.0 0.0 0.0 0.0 0.0 0.0 0.0 0.0 0.0 0.0 0.0 0.0 0.0 0.0 0.0 0.0 0.0 0.0 0.0 0.0 0.0 0.0 0.0 0.0 0.0 0.0 0.0 0.0 0.0 0.0 0.0 0.0 0.0 0.0 0.0 0.0 0.0 0.0 0.0 0.0 0.0 0.0 0.0 0.0 0.0 0.0 0.0 0.0 0.0 0.0 0.0 0.0 0.0 0.0 0.0 0.0 0.0 0.0 0.0 0.0 0.0 0.0 0.0 0.0 0.0 0.0 0.0 0.0 0.0 0.0 0.0 0.0 0.0 0.0 0.0
10/09/2021 22:50:00 - INFO - utils_ee -   maskR: 0.0 0.0 0.0 0.0 0.0 0.0 0.0 0.0 1.0 1.0 1.0 1.0 1.0 1.0 1.0 1.0 0.0 0.0 0.0 0.0 0.0 0.0 0.0 0.0 0.0 0.0 0.0 0.0 0.0 0.0 0.0 0.0 0.0 0.0 0.0 0.0 0.0 0.0 0.0 0.0 0.0 0.0 0.0 0.0 0.0 0.0 0.0 0.0 0.0 0.0 0.0 0.0 0.0 0.0 0.0 0.0 0.0 0.0 0.0 0.0 0.0 0.0 0.0 0.0 0.0 0.0 0.0 0.0 0.0 0.0 0.0 0.0 0.0 0.0 0.0 0.0 0.0 0.0 0.0 0.0 0.0 0.0 0.0 0.0 0.0 0.0 0.0 0.0 0.0 0.0 0.0 0.0 0.0 0.0 0.0 0.0 0.0 0.0 0.0 0.0 0.0 0.0 0.0 0.0 0.0 0.0 0.0 0.0 0.0 0.0 0.0 0.0 0.0 0.0 0.0 0.0 0.0 0.0 0.0 0.0 0.0 0.0 0.0 0.0 0.0 0.0 0.0 0.0
10/09/2021 22:50:00 - INFO - utils_ee -   label: 18
10/09/2021 22:50:00 - INFO - utils_ee -   *** Example ***
10/09/2021 22:50:00 - INFO - utils_ee -   example_id: train-1
10/09/2021 22:50:00 - INFO - utils_ee -   input_ids: 101 1 2029 2 2502 6887 27292 2050 2003 1996 2190 11443 4859 4518 1029 102 0 0 0 0 0 0 0 0 0 0 0 0 0 0 0 0 0 0 0 0 0 0 0 0 0 0 0 0 0 0 0 0 0 0 0 0 0 0 0 0 0 0 0 0 0 0 0 0 0 0 0 0 0 0 0 0 0 0 0 0 0 0 0 0 0 0 0 0 0 0 0 0 0 0 0 0 0 0 0 0 0 0 0 0 0 0 0 0 0 0 0 0 0 0 0 0 0 0 0 0 0 0 0 0 0 0 0 0 0 0 0 0
10/09/2021 22:50:00 - INFO - utils_ee -   attention_mask: 1 1 1 1 1 1 1 1 1 1 1 1 1 1 1 1 0 0 0 0 0 0 0 0 0 0 0 0 0 0 0 0 0 0 0 0 0 0 0 0 0 0 0 0 0 0 0 0 0 0 0 0 0 0 0 0 0 0 0 0 0 0 0 0 0 0 0 0 0 0 0 0 0 0 0 0 0 0 0 0 0 0 0 0 0 0 0 0 0 0 0 0 0 0 0 0 0 0 0 0 0 0 0 0 0 0 0 0 0 0 0 0 0 0 0 0 0 0 0 0 0 0 0 0 0 0 0 0
10/09/2021 22:50:00 - INFO - utils_ee -   token_type_ids: 0 0 0 0 0 0 0 0 0 0 0 0 0 0 0 0 0 0 0 0 0 0 0 0 0 0 0 0 0 0 0 0 0 0 0 0 0 0 0 0 0 0 0 0 0 0 0 0 0 0 0 0 0 0 0 0 0 0 0 0 0 0 0 0 0 0 0 0 0 0 0 0 0 0 0 0 0 0 0 0 0 0 0 0 0 0 0 0 0 0 0 0 0 0 0 0 0 0 0 0 0 0 0 0 0 0 0 0 0 0 0 0 0 0 0 0 0 0 0 0 0 0 0 0 0 0 0 0
10/09/2021 22:50:00 - INFO - utils_ee -   maskL: 1.0 0.0 0.0 0.0 0.0 0.0 0.0 0.0 0.0 0.0 0.0 0.0 0.0 0.0 0.0 0.0 0.0 0.0 0.0 0.0 0.0 0.0 0.0 0.0 0.0 0.0 0.0 0.0 0.0 0.0 0.0 0.0 0.0 0.0 0.0 0.0 0.0 0.0 0.0 0.0 0.0 0.0 0.0 0.0 0.0 0.0 0.0 0.0 0.0 0.0 0.0 0.0 0.0 0.0 0.0 0.0 0.0 0.0 0.0 0.0 0.0 0.0 0.0 0.0 0.0 0.0 0.0 0.0 0.0 0.0 0.0 0.0 0.0 0.0 0.0 0.0 0.0 0.0 0.0 0.0 0.0 0.0 0.0 0.0 0.0 0.0 0.0 0.0 0.0 0.0 0.0 0.0 0.0 0.0 0.0 0.0 0.0 0.0 0.0 0.0 0.0 0.0 0.0 0.0 0.0 0.0 0.0 0.0 0.0 0.0 0.0 0.0 0.0 0.0 0.0 0.0 0.0 0.0 0.0 0.0 0.0 0.0 0.0 0.0 0.0 0.0 0.0 0.0
10/09/2021 22:50:00 - INFO - utils_ee -   maskR: 0.0 1.0 1.0 1.0 1.0 1.0 1.0 1.0 1.0 1.0 1.0 1.0 1.0 1.0 1.0 1.0 0.0 0.0 0.0 0.0 0.0 0.0 0.0 0.0 0.0 0.0 0.0 0.0 0.0 0.0 0.0 0.0 0.0 0.0 0.0 0.0 0.0 0.0 0.0 0.0 0.0 0.0 0.0 0.0 0.0 0.0 0.0 0.0 0.0 0.0 0.0 0.0 0.0 0.0 0.0 0.0 0.0 0.0 0.0 0.0 0.0 0.0 0.0 0.0 0.0 0.0 0.0 0.0 0.0 0.0 0.0 0.0 0.0 0.0 0.0 0.0 0.0 0.0 0.0 0.0 0.0 0.0 0.0 0.0 0.0 0.0 0.0 0.0 0.0 0.0 0.0 0.0 0.0 0.0 0.0 0.0 0.0 0.0 0.0 0.0 0.0 0.0 0.0 0.0 0.0 0.0 0.0 0.0 0.0 0.0 0.0 0.0 0.0 0.0 0.0 0.0 0.0 0.0 0.0 0.0 0.0 0.0 0.0 0.0 0.0 0.0 0.0 0.0
10/09/2021 22:50:00 - INFO - utils_ee -   label: 0
10/09/2021 22:50:08 - INFO - utils_ee -   Writing example 10000 of 87349
10/09/2021 22:50:16 - INFO - utils_ee -   Writing example 20000 of 87349
10/09/2021 22:50:24 - INFO - utils_ee -   Writing example 30000 of 87349
10/09/2021 22:50:32 - INFO - utils_ee -   Writing example 40000 of 87349
10/09/2021 22:50:40 - INFO - utils_ee -   Writing example 50000 of 87349
10/09/2021 22:50:48 - INFO - utils_ee -   Writing example 60000 of 87349
10/09/2021 22:50:56 - INFO - utils_ee -   Writing example 70000 of 87349
10/09/2021 22:51:04 - INFO - utils_ee -   Writing example 80000 of 87349
10/09/2021 22:51:10 - INFO - __main__ -   Saving features into cached file ./ACE05_shuffles_sentivent/cached_train_bert-base-uncased_128_ace
10/09/2021 22:51:36 - INFO - __main__ -   ***** Running training *****
10/09/2021 22:51:36 - INFO - __main__ -     Num examples = 87349
10/09/2021 22:51:36 - INFO - __main__ -     Num Epochs = 10
10/09/2021 22:51:36 - INFO - __main__ -     Instantaneous batch size per GPU = 42
10/09/2021 22:51:36 - INFO - __main__ -     Total train batch size (w. parallel, distributed & accumulation) = 84
10/09/2021 22:51:36 - INFO - __main__ -     Gradient Accumulation steps = 2
10/09/2021 22:51:36 - INFO - __main__ -     Total optimization steps = 10400
10/09/2021 22:55:23 - INFO - __main__ -   Creating features from dataset file at ./ACE05_shuffles_sentivent/
10/09/2021 22:55:23 - INFO - utils_ee -   LOOKING AT ./ACE05_shuffles_sentivent/ dev
10/09/2021 22:55:24 - INFO - __main__ -   Training number: 10832
10/09/2021 22:55:24 - INFO - utils_ee -   Writing example 0 of 10832
10/09/2021 22:55:24 - INFO - utils_ee -   *** Example ***
10/09/2021 22:55:24 - INFO - utils_ee -   example_id: dev-0
10/09/2021 22:55:24 - INFO - utils_ee -   input_ids: 101 2924 1997 2637 16565 1 3480 2 2011 4171 1011 3141 3715 102 0 0 0 0 0 0 0 0 0 0 0 0 0 0 0 0 0 0 0 0 0 0 0 0 0 0 0 0 0 0 0 0 0 0 0 0 0 0 0 0 0 0 0 0 0 0 0 0 0 0 0 0 0 0 0 0 0 0 0 0 0 0 0 0 0 0 0 0 0 0 0 0 0 0 0 0 0 0 0 0 0 0 0 0 0 0 0 0 0 0 0 0 0 0 0 0 0 0 0 0 0 0 0 0 0 0 0 0 0 0 0 0 0 0
10/09/2021 22:55:24 - INFO - utils_ee -   attention_mask: 1 1 1 1 1 1 1 1 1 1 1 1 1 1 0 0 0 0 0 0 0 0 0 0 0 0 0 0 0 0 0 0 0 0 0 0 0 0 0 0 0 0 0 0 0 0 0 0 0 0 0 0 0 0 0 0 0 0 0 0 0 0 0 0 0 0 0 0 0 0 0 0 0 0 0 0 0 0 0 0 0 0 0 0 0 0 0 0 0 0 0 0 0 0 0 0 0 0 0 0 0 0 0 0 0 0 0 0 0 0 0 0 0 0 0 0 0 0 0 0 0 0 0 0 0 0 0 0
10/09/2021 22:55:24 - INFO - utils_ee -   token_type_ids: 0 0 0 0 0 0 0 0 0 0 0 0 0 0 0 0 0 0 0 0 0 0 0 0 0 0 0 0 0 0 0 0 0 0 0 0 0 0 0 0 0 0 0 0 0 0 0 0 0 0 0 0 0 0 0 0 0 0 0 0 0 0 0 0 0 0 0 0 0 0 0 0 0 0 0 0 0 0 0 0 0 0 0 0 0 0 0 0 0 0 0 0 0 0 0 0 0 0 0 0 0 0 0 0 0 0 0 0 0 0 0 0 0 0 0 0 0 0 0 0 0 0 0 0 0 0 0 0
10/09/2021 22:55:24 - INFO - utils_ee -   maskL: 1.0 1.0 1.0 1.0 1.0 0.0 0.0 0.0 0.0 0.0 0.0 0.0 0.0 0.0 0.0 0.0 0.0 0.0 0.0 0.0 0.0 0.0 0.0 0.0 0.0 0.0 0.0 0.0 0.0 0.0 0.0 0.0 0.0 0.0 0.0 0.0 0.0 0.0 0.0 0.0 0.0 0.0 0.0 0.0 0.0 0.0 0.0 0.0 0.0 0.0 0.0 0.0 0.0 0.0 0.0 0.0 0.0 0.0 0.0 0.0 0.0 0.0 0.0 0.0 0.0 0.0 0.0 0.0 0.0 0.0 0.0 0.0 0.0 0.0 0.0 0.0 0.0 0.0 0.0 0.0 0.0 0.0 0.0 0.0 0.0 0.0 0.0 0.0 0.0 0.0 0.0 0.0 0.0 0.0 0.0 0.0 0.0 0.0 0.0 0.0 0.0 0.0 0.0 0.0 0.0 0.0 0.0 0.0 0.0 0.0 0.0 0.0 0.0 0.0 0.0 0.0 0.0 0.0 0.0 0.0 0.0 0.0 0.0 0.0 0.0 0.0 0.0 0.0
10/09/2021 22:55:24 - INFO - utils_ee -   maskR: 0.0 0.0 0.0 0.0 0.0 1.0 1.0 1.0 1.0 1.0 1.0 1.0 1.0 1.0 0.0 0.0 0.0 0.0 0.0 0.0 0.0 0.0 0.0 0.0 0.0 0.0 0.0 0.0 0.0 0.0 0.0 0.0 0.0 0.0 0.0 0.0 0.0 0.0 0.0 0.0 0.0 0.0 0.0 0.0 0.0 0.0 0.0 0.0 0.0 0.0 0.0 0.0 0.0 0.0 0.0 0.0 0.0 0.0 0.0 0.0 0.0 0.0 0.0 0.0 0.0 0.0 0.0 0.0 0.0 0.0 0.0 0.0 0.0 0.0 0.0 0.0 0.0 0.0 0.0 0.0 0.0 0.0 0.0 0.0 0.0 0.0 0.0 0.0 0.0 0.0 0.0 0.0 0.0 0.0 0.0 0.0 0.0 0.0 0.0 0.0 0.0 0.0 0.0 0.0 0.0 0.0 0.0 0.0 0.0 0.0 0.0 0.0 0.0 0.0 0.0 0.0 0.0 0.0 0.0 0.0 0.0 0.0 0.0 0.0 0.0 0.0 0.0 0.0
10/09/2021 22:55:24 - INFO - utils_ee -   label: 4
10/09/2021 22:55:24 - INFO - utils_ee -   *** Example ***
10/09/2021 22:55:24 - INFO - utils_ee -   example_id: dev-1
10/09/2021 22:55:24 - INFO - utils_ee -   input_ids: 101 2924 1997 2637 16565 3480 2011 4171 1011 3141 1 3715 2 102 0 0 0 0 0 0 0 0 0 0 0 0 0 0 0 0 0 0 0 0 0 0 0 0 0 0 0 0 0 0 0 0 0 0 0 0 0 0 0 0 0 0 0 0 0 0 0 0 0 0 0 0 0 0 0 0 0 0 0 0 0 0 0 0 0 0 0 0 0 0 0 0 0 0 0 0 0 0 0 0 0 0 0 0 0 0 0 0 0 0 0 0 0 0 0 0 0 0 0 0 0 0 0 0 0 0 0 0 0 0 0 0 0 0
10/09/2021 22:55:24 - INFO - utils_ee -   attention_mask: 1 1 1 1 1 1 1 1 1 1 1 1 1 1 0 0 0 0 0 0 0 0 0 0 0 0 0 0 0 0 0 0 0 0 0 0 0 0 0 0 0 0 0 0 0 0 0 0 0 0 0 0 0 0 0 0 0 0 0 0 0 0 0 0 0 0 0 0 0 0 0 0 0 0 0 0 0 0 0 0 0 0 0 0 0 0 0 0 0 0 0 0 0 0 0 0 0 0 0 0 0 0 0 0 0 0 0 0 0 0 0 0 0 0 0 0 0 0 0 0 0 0 0 0 0 0 0 0
10/09/2021 22:55:24 - INFO - utils_ee -   token_type_ids: 0 0 0 0 0 0 0 0 0 0 0 0 0 0 0 0 0 0 0 0 0 0 0 0 0 0 0 0 0 0 0 0 0 0 0 0 0 0 0 0 0 0 0 0 0 0 0 0 0 0 0 0 0 0 0 0 0 0 0 0 0 0 0 0 0 0 0 0 0 0 0 0 0 0 0 0 0 0 0 0 0 0 0 0 0 0 0 0 0 0 0 0 0 0 0 0 0 0 0 0 0 0 0 0 0 0 0 0 0 0 0 0 0 0 0 0 0 0 0 0 0 0 0 0 0 0 0 0
10/09/2021 22:55:24 - INFO - utils_ee -   maskL: 1.0 1.0 1.0 1.0 1.0 1.0 1.0 1.0 1.0 1.0 0.0 0.0 0.0 0.0 0.0 0.0 0.0 0.0 0.0 0.0 0.0 0.0 0.0 0.0 0.0 0.0 0.0 0.0 0.0 0.0 0.0 0.0 0.0 0.0 0.0 0.0 0.0 0.0 0.0 0.0 0.0 0.0 0.0 0.0 0.0 0.0 0.0 0.0 0.0 0.0 0.0 0.0 0.0 0.0 0.0 0.0 0.0 0.0 0.0 0.0 0.0 0.0 0.0 0.0 0.0 0.0 0.0 0.0 0.0 0.0 0.0 0.0 0.0 0.0 0.0 0.0 0.0 0.0 0.0 0.0 0.0 0.0 0.0 0.0 0.0 0.0 0.0 0.0 0.0 0.0 0.0 0.0 0.0 0.0 0.0 0.0 0.0 0.0 0.0 0.0 0.0 0.0 0.0 0.0 0.0 0.0 0.0 0.0 0.0 0.0 0.0 0.0 0.0 0.0 0.0 0.0 0.0 0.0 0.0 0.0 0.0 0.0 0.0 0.0 0.0 0.0 0.0 0.0
10/09/2021 22:55:24 - INFO - utils_ee -   maskR: 0.0 0.0 0.0 0.0 0.0 0.0 0.0 0.0 0.0 0.0 1.0 1.0 1.0 1.0 0.0 0.0 0.0 0.0 0.0 0.0 0.0 0.0 0.0 0.0 0.0 0.0 0.0 0.0 0.0 0.0 0.0 0.0 0.0 0.0 0.0 0.0 0.0 0.0 0.0 0.0 0.0 0.0 0.0 0.0 0.0 0.0 0.0 0.0 0.0 0.0 0.0 0.0 0.0 0.0 0.0 0.0 0.0 0.0 0.0 0.0 0.0 0.0 0.0 0.0 0.0 0.0 0.0 0.0 0.0 0.0 0.0 0.0 0.0 0.0 0.0 0.0 0.0 0.0 0.0 0.0 0.0 0.0 0.0 0.0 0.0 0.0 0.0 0.0 0.0 0.0 0.0 0.0 0.0 0.0 0.0 0.0 0.0 0.0 0.0 0.0 0.0 0.0 0.0 0.0 0.0 0.0 0.0 0.0 0.0 0.0 0.0 0.0 0.0 0.0 0.0 0.0 0.0 0.0 0.0 0.0 0.0 0.0 0.0 0.0 0.0 0.0 0.0 0.0
10/09/2021 22:55:24 - INFO - utils_ee -   label: 4
10/09/2021 22:55:31 - INFO - utils_ee -   Writing example 10000 of 10832
10/09/2021 22:55:32 - INFO - __main__ -   Saving features into cached file ./ACE05_shuffles_sentivent/cached_dev_bert-base-uncased_128_ace
10/09/2021 22:55:35 - INFO - __main__ -   ***** Running evaluation  *****
10/09/2021 22:55:35 - INFO - __main__ -     Num examples = 10832
10/09/2021 22:55:35 - INFO - __main__ -     Batch size = 42
/home/MSAI/s200048/.conda/envs/dmbert/lib/python3.6/site-packages/sklearn/metrics/_classification.py:1248: UndefinedMetricWarning: Precision is ill-defined and being set to 0.0 due to no predicted samples. Use `zero_division` parameter to control this behavior.
  _warn_prf(average, modifier, msg_start, len(result))
10/09/2021 22:56:07 - INFO - __main__ -   ***** Eval results  is test:False *****
10/09/2021 22:56:07 - INFO - __main__ -     eval_f1 = 0.0
10/09/2021 22:56:07 - INFO - __main__ -     eval_loss = 0.15141739680381247
10/09/2021 22:56:07 - INFO - __main__ -     eval_p = 0.0
10/09/2021 22:56:07 - INFO - __main__ -     eval_recall = 0.0
10/09/2021 22:56:07 - INFO - __main__ -   Average loss: 0.16653248911801105 at global step: 300
10/09/2021 22:59:56 - INFO - __main__ -   Loading features from cached file ./ACE05_shuffles_sentivent/cached_dev_bert-base-uncased_128_ace
10/09/2021 22:59:57 - INFO - __main__ -   ***** Running evaluation  *****
10/09/2021 22:59:57 - INFO - __main__ -     Num examples = 10832
10/09/2021 22:59:57 - INFO - __main__ -     Batch size = 42
/home/MSAI/s200048/.conda/envs/dmbert/lib/python3.6/site-packages/sklearn/metrics/_classification.py:1248: UndefinedMetricWarning: Precision is ill-defined and being set to 0.0 due to no predicted samples. Use `zero_division` parameter to control this behavior.
  _warn_prf(average, modifier, msg_start, len(result))
10/09/2021 23:00:29 - INFO - __main__ -   ***** Eval results  is test:False *****
10/09/2021 23:00:29 - INFO - __main__ -     eval_f1 = 0.0
10/09/2021 23:00:29 - INFO - __main__ -     eval_loss = 0.1486398536177684
10/09/2021 23:00:29 - INFO - __main__ -     eval_p = 0.0
10/09/2021 23:00:29 - INFO - __main__ -     eval_recall = 0.0
10/09/2021 23:00:29 - INFO - __main__ -   Average loss: 0.13873729953542352 at global step: 600
10/09/2021 23:04:18 - INFO - __main__ -   Loading features from cached file ./ACE05_shuffles_sentivent/cached_dev_bert-base-uncased_128_ace
10/09/2021 23:04:19 - INFO - __main__ -   ***** Running evaluation  *****
10/09/2021 23:04:19 - INFO - __main__ -     Num examples = 10832
10/09/2021 23:04:19 - INFO - __main__ -     Batch size = 42
/home/MSAI/s200048/.conda/envs/dmbert/lib/python3.6/site-packages/sklearn/metrics/_classification.py:1248: UndefinedMetricWarning: Precision is ill-defined and being set to 0.0 due to no predicted samples. Use `zero_division` parameter to control this behavior.
  _warn_prf(average, modifier, msg_start, len(result))
10/09/2021 23:04:51 - INFO - __main__ -   ***** Eval results  is test:False *****
10/09/2021 23:04:51 - INFO - __main__ -     eval_f1 = 0.0
10/09/2021 23:04:51 - INFO - __main__ -     eval_loss = 0.1472314965871502
10/09/2021 23:04:51 - INFO - __main__ -     eval_p = 0.0
10/09/2021 23:04:51 - INFO - __main__ -     eval_recall = 0.0
10/09/2021 23:04:51 - INFO - __main__ -   Average loss: 0.13234119705700625 at global step: 900
10/09/2021 23:06:07 - INFO - transformers.configuration_utils -   Configuration saved in ./ACE_shuffles_sentivent_5e5/checkpoint-1000/config.json
10/09/2021 23:06:11 - INFO - transformers.modeling_utils -   Model weights saved in ./ACE_shuffles_sentivent_5e5/checkpoint-1000/pytorch_model.bin
10/09/2021 23:06:11 - INFO - transformers.configuration_utils -   Configuration saved in ./ACE_shuffles_sentivent_5e5/checkpoint-1000/bert/config.json
10/09/2021 23:06:14 - INFO - transformers.modeling_utils -   Model weights saved in ./ACE_shuffles_sentivent_5e5/checkpoint-1000/bert/pytorch_model.bin
10/09/2021 23:06:14 - INFO - __main__ -   Saving model checkpoint to ./ACE_shuffles_sentivent_5e5/checkpoint-1000
10/09/2021 23:08:46 - INFO - __main__ -   Loading features from cached file ./ACE05_shuffles_sentivent/cached_dev_bert-base-uncased_128_ace
10/09/2021 23:08:47 - INFO - __main__ -   ***** Running evaluation  *****
10/09/2021 23:08:47 - INFO - __main__ -     Num examples = 10832
10/09/2021 23:08:47 - INFO - __main__ -     Batch size = 42
/home/MSAI/s200048/.conda/envs/dmbert/lib/python3.6/site-packages/sklearn/metrics/_classification.py:1248: UndefinedMetricWarning: Precision is ill-defined and being set to 0.0 due to no predicted samples. Use `zero_division` parameter to control this behavior.
  _warn_prf(average, modifier, msg_start, len(result))
10/09/2021 23:09:19 - INFO - __main__ -   ***** Eval results  is test:False *****
10/09/2021 23:09:19 - INFO - __main__ -     eval_f1 = 0.0
10/09/2021 23:09:19 - INFO - __main__ -     eval_loss = 0.14177620525980844
10/09/2021 23:09:19 - INFO - __main__ -     eval_p = 0.0
10/09/2021 23:09:19 - INFO - __main__ -     eval_recall = 0.0
10/09/2021 23:09:19 - INFO - __main__ -   Average loss: 0.11094783432393646 at global step: 1200
10/09/2021 23:13:09 - INFO - __main__ -   Loading features from cached file ./ACE05_shuffles_sentivent/cached_dev_bert-base-uncased_128_ace
10/09/2021 23:13:10 - INFO - __main__ -   ***** Running evaluation  *****
10/09/2021 23:13:10 - INFO - __main__ -     Num examples = 10832
10/09/2021 23:13:10 - INFO - __main__ -     Batch size = 42
10/09/2021 23:13:42 - INFO - __main__ -   ***** Eval results  is test:False *****
10/09/2021 23:13:42 - INFO - __main__ -     eval_f1 = 0.009345794392523364
10/09/2021 23:13:42 - INFO - __main__ -     eval_loss = 0.12872825957953843
10/09/2021 23:13:42 - INFO - __main__ -     eval_p = 0.5
10/09/2021 23:13:42 - INFO - __main__ -     eval_recall = 0.0047169811320754715
10/09/2021 23:13:42 - INFO - __main__ -   Creating features from dataset file at ./ACE05_shuffles_sentivent/
10/09/2021 23:13:42 - INFO - utils_ee -   LOOKING AT ./ACE05_shuffles_sentivent/ test
10/09/2021 23:13:42 - INFO - __main__ -   Training number: 10496
10/09/2021 23:13:42 - INFO - utils_ee -   Writing example 0 of 10496
10/09/2021 23:13:42 - INFO - utils_ee -   *** Example ***
10/09/2021 23:13:42 - INFO - utils_ee -   example_id: test-0
10/09/2021 23:13:42 - INFO - utils_ee -   input_ids: 101 10321 1005 1055 1 4518 2 16605 2055 2184 1003 1997 1996 23268 1005 1055 1015 1010 6021 2692 1011 2391 28388 102 0 0 0 0 0 0 0 0 0 0 0 0 0 0 0 0 0 0 0 0 0 0 0 0 0 0 0 0 0 0 0 0 0 0 0 0 0 0 0 0 0 0 0 0 0 0 0 0 0 0 0 0 0 0 0 0 0 0 0 0 0 0 0 0 0 0 0 0 0 0 0 0 0 0 0 0 0 0 0 0 0 0 0 0 0 0 0 0 0 0 0 0 0 0 0 0 0 0 0 0 0 0 0 0
10/09/2021 23:13:42 - INFO - utils_ee -   attention_mask: 1 1 1 1 1 1 1 1 1 1 1 1 1 1 1 1 1 1 1 1 1 1 1 1 0 0 0 0 0 0 0 0 0 0 0 0 0 0 0 0 0 0 0 0 0 0 0 0 0 0 0 0 0 0 0 0 0 0 0 0 0 0 0 0 0 0 0 0 0 0 0 0 0 0 0 0 0 0 0 0 0 0 0 0 0 0 0 0 0 0 0 0 0 0 0 0 0 0 0 0 0 0 0 0 0 0 0 0 0 0 0 0 0 0 0 0 0 0 0 0 0 0 0 0 0 0 0 0
10/09/2021 23:13:42 - INFO - utils_ee -   token_type_ids: 0 0 0 0 0 0 0 0 0 0 0 0 0 0 0 0 0 0 0 0 0 0 0 0 0 0 0 0 0 0 0 0 0 0 0 0 0 0 0 0 0 0 0 0 0 0 0 0 0 0 0 0 0 0 0 0 0 0 0 0 0 0 0 0 0 0 0 0 0 0 0 0 0 0 0 0 0 0 0 0 0 0 0 0 0 0 0 0 0 0 0 0 0 0 0 0 0 0 0 0 0 0 0 0 0 0 0 0 0 0 0 0 0 0 0 0 0 0 0 0 0 0 0 0 0 0 0 0
10/09/2021 23:13:42 - INFO - utils_ee -   maskL: 1.0 1.0 1.0 1.0 0.0 0.0 0.0 0.0 0.0 0.0 0.0 0.0 0.0 0.0 0.0 0.0 0.0 0.0 0.0 0.0 0.0 0.0 0.0 0.0 0.0 0.0 0.0 0.0 0.0 0.0 0.0 0.0 0.0 0.0 0.0 0.0 0.0 0.0 0.0 0.0 0.0 0.0 0.0 0.0 0.0 0.0 0.0 0.0 0.0 0.0 0.0 0.0 0.0 0.0 0.0 0.0 0.0 0.0 0.0 0.0 0.0 0.0 0.0 0.0 0.0 0.0 0.0 0.0 0.0 0.0 0.0 0.0 0.0 0.0 0.0 0.0 0.0 0.0 0.0 0.0 0.0 0.0 0.0 0.0 0.0 0.0 0.0 0.0 0.0 0.0 0.0 0.0 0.0 0.0 0.0 0.0 0.0 0.0 0.0 0.0 0.0 0.0 0.0 0.0 0.0 0.0 0.0 0.0 0.0 0.0 0.0 0.0 0.0 0.0 0.0 0.0 0.0 0.0 0.0 0.0 0.0 0.0 0.0 0.0 0.0 0.0 0.0 0.0
10/09/2021 23:13:42 - INFO - utils_ee -   maskR: 0.0 0.0 0.0 0.0 1.0 1.0 1.0 1.0 1.0 1.0 1.0 1.0 1.0 1.0 1.0 1.0 1.0 1.0 1.0 1.0 1.0 1.0 1.0 1.0 0.0 0.0 0.0 0.0 0.0 0.0 0.0 0.0 0.0 0.0 0.0 0.0 0.0 0.0 0.0 0.0 0.0 0.0 0.0 0.0 0.0 0.0 0.0 0.0 0.0 0.0 0.0 0.0 0.0 0.0 0.0 0.0 0.0 0.0 0.0 0.0 0.0 0.0 0.0 0.0 0.0 0.0 0.0 0.0 0.0 0.0 0.0 0.0 0.0 0.0 0.0 0.0 0.0 0.0 0.0 0.0 0.0 0.0 0.0 0.0 0.0 0.0 0.0 0.0 0.0 0.0 0.0 0.0 0.0 0.0 0.0 0.0 0.0 0.0 0.0 0.0 0.0 0.0 0.0 0.0 0.0 0.0 0.0 0.0 0.0 0.0 0.0 0.0 0.0 0.0 0.0 0.0 0.0 0.0 0.0 0.0 0.0 0.0 0.0 0.0 0.0 0.0 0.0 0.0
10/09/2021 23:13:42 - INFO - utils_ee -   label: 16
10/09/2021 23:13:42 - INFO - utils_ee -   *** Example ***
10/09/2021 23:13:42 - INFO - utils_ee -   example_id: test-1
10/09/2021 23:13:42 - INFO - utils_ee -   input_ids: 101 10321 1005 1055 4518 16605 2055 2184 1003 1997 1996 23268 1005 1055 1015 1010 6021 2692 1011 2391 1 28388 2 102 0 0 0 0 0 0 0 0 0 0 0 0 0 0 0 0 0 0 0 0 0 0 0 0 0 0 0 0 0 0 0 0 0 0 0 0 0 0 0 0 0 0 0 0 0 0 0 0 0 0 0 0 0 0 0 0 0 0 0 0 0 0 0 0 0 0 0 0 0 0 0 0 0 0 0 0 0 0 0 0 0 0 0 0 0 0 0 0 0 0 0 0 0 0 0 0 0 0 0 0 0 0 0 0
10/09/2021 23:13:42 - INFO - utils_ee -   attention_mask: 1 1 1 1 1 1 1 1 1 1 1 1 1 1 1 1 1 1 1 1 1 1 1 1 0 0 0 0 0 0 0 0 0 0 0 0 0 0 0 0 0 0 0 0 0 0 0 0 0 0 0 0 0 0 0 0 0 0 0 0 0 0 0 0 0 0 0 0 0 0 0 0 0 0 0 0 0 0 0 0 0 0 0 0 0 0 0 0 0 0 0 0 0 0 0 0 0 0 0 0 0 0 0 0 0 0 0 0 0 0 0 0 0 0 0 0 0 0 0 0 0 0 0 0 0 0 0 0
10/09/2021 23:13:42 - INFO - utils_ee -   token_type_ids: 0 0 0 0 0 0 0 0 0 0 0 0 0 0 0 0 0 0 0 0 0 0 0 0 0 0 0 0 0 0 0 0 0 0 0 0 0 0 0 0 0 0 0 0 0 0 0 0 0 0 0 0 0 0 0 0 0 0 0 0 0 0 0 0 0 0 0 0 0 0 0 0 0 0 0 0 0 0 0 0 0 0 0 0 0 0 0 0 0 0 0 0 0 0 0 0 0 0 0 0 0 0 0 0 0 0 0 0 0 0 0 0 0 0 0 0 0 0 0 0 0 0 0 0 0 0 0 0
10/09/2021 23:13:42 - INFO - utils_ee -   maskL: 1.0 1.0 1.0 1.0 1.0 1.0 1.0 1.0 1.0 1.0 1.0 1.0 1.0 1.0 1.0 1.0 1.0 1.0 1.0 1.0 0.0 0.0 0.0 0.0 0.0 0.0 0.0 0.0 0.0 0.0 0.0 0.0 0.0 0.0 0.0 0.0 0.0 0.0 0.0 0.0 0.0 0.0 0.0 0.0 0.0 0.0 0.0 0.0 0.0 0.0 0.0 0.0 0.0 0.0 0.0 0.0 0.0 0.0 0.0 0.0 0.0 0.0 0.0 0.0 0.0 0.0 0.0 0.0 0.0 0.0 0.0 0.0 0.0 0.0 0.0 0.0 0.0 0.0 0.0 0.0 0.0 0.0 0.0 0.0 0.0 0.0 0.0 0.0 0.0 0.0 0.0 0.0 0.0 0.0 0.0 0.0 0.0 0.0 0.0 0.0 0.0 0.0 0.0 0.0 0.0 0.0 0.0 0.0 0.0 0.0 0.0 0.0 0.0 0.0 0.0 0.0 0.0 0.0 0.0 0.0 0.0 0.0 0.0 0.0 0.0 0.0 0.0 0.0
10/09/2021 23:13:42 - INFO - utils_ee -   maskR: 0.0 0.0 0.0 0.0 0.0 0.0 0.0 0.0 0.0 0.0 0.0 0.0 0.0 0.0 0.0 0.0 0.0 0.0 0.0 0.0 1.0 1.0 1.0 1.0 0.0 0.0 0.0 0.0 0.0 0.0 0.0 0.0 0.0 0.0 0.0 0.0 0.0 0.0 0.0 0.0 0.0 0.0 0.0 0.0 0.0 0.0 0.0 0.0 0.0 0.0 0.0 0.0 0.0 0.0 0.0 0.0 0.0 0.0 0.0 0.0 0.0 0.0 0.0 0.0 0.0 0.0 0.0 0.0 0.0 0.0 0.0 0.0 0.0 0.0 0.0 0.0 0.0 0.0 0.0 0.0 0.0 0.0 0.0 0.0 0.0 0.0 0.0 0.0 0.0 0.0 0.0 0.0 0.0 0.0 0.0 0.0 0.0 0.0 0.0 0.0 0.0 0.0 0.0 0.0 0.0 0.0 0.0 0.0 0.0 0.0 0.0 0.0 0.0 0.0 0.0 0.0 0.0 0.0 0.0 0.0 0.0 0.0 0.0 0.0 0.0 0.0 0.0 0.0
10/09/2021 23:13:42 - INFO - utils_ee -   label: 16
10/09/2021 23:13:50 - INFO - utils_ee -   Writing example 10000 of 10496
10/09/2021 23:13:50 - INFO - __main__ -   Saving features into cached file ./ACE05_shuffles_sentivent/cached_test_bert-base-uncased_128_ace
10/09/2021 23:13:54 - INFO - __main__ -   ***** Running evaluation  *****
10/09/2021 23:13:54 - INFO - __main__ -     Num examples = 10496
10/09/2021 23:13:54 - INFO - __main__ -     Batch size = 42
/home/MSAI/s200048/.conda/envs/dmbert/lib/python3.6/site-packages/sklearn/metrics/_classification.py:1248: UndefinedMetricWarning: Precision is ill-defined and being set to 0.0 due to no predicted samples. Use `zero_division` parameter to control this behavior.
  _warn_prf(average, modifier, msg_start, len(result))
10/09/2021 23:14:25 - INFO - __main__ -   ***** Eval results  is test:True *****
10/09/2021 23:14:25 - INFO - __main__ -     eval_f1 = 0.0
10/09/2021 23:14:25 - INFO - __main__ -     eval_loss = 0.14291181210521609
10/09/2021 23:14:25 - INFO - __main__ -     eval_p = 0.0
10/09/2021 23:14:25 - INFO - __main__ -     eval_recall = 0.0
10/09/2021 23:14:25 - INFO - __main__ -   test f1: 0.0, loss: 0.14291181210521609, global steps: 1500
10/09/2021 23:14:25 - INFO - __main__ -   Average loss: 0.10658847193854551 at global step: 1500
10/09/2021 23:18:17 - INFO - __main__ -   Loading features from cached file ./ACE05_shuffles_sentivent/cached_dev_bert-base-uncased_128_ace
10/09/2021 23:18:17 - INFO - __main__ -   ***** Running evaluation  *****
10/09/2021 23:18:17 - INFO - __main__ -     Num examples = 10832
10/09/2021 23:18:17 - INFO - __main__ -     Batch size = 42
10/09/2021 23:18:51 - INFO - __main__ -   ***** Eval results  is test:False *****
10/09/2021 23:18:51 - INFO - __main__ -     eval_f1 = 0.0
10/09/2021 23:18:51 - INFO - __main__ -     eval_loss = 0.12385094574338562
10/09/2021 23:18:51 - INFO - __main__ -     eval_p = 0.0
10/09/2021 23:18:51 - INFO - __main__ -     eval_recall = 0.0
10/09/2021 23:18:51 - INFO - __main__ -   Average loss: 0.10553628665550302 at global step: 1800
10/09/2021 23:21:31 - INFO - transformers.configuration_utils -   Configuration saved in ./ACE_shuffles_sentivent_5e5/checkpoint-2000/config.json
10/09/2021 23:21:34 - INFO - transformers.modeling_utils -   Model weights saved in ./ACE_shuffles_sentivent_5e5/checkpoint-2000/pytorch_model.bin
10/09/2021 23:21:34 - INFO - transformers.configuration_utils -   Configuration saved in ./ACE_shuffles_sentivent_5e5/checkpoint-2000/bert/config.json
10/09/2021 23:21:37 - INFO - transformers.modeling_utils -   Model weights saved in ./ACE_shuffles_sentivent_5e5/checkpoint-2000/bert/pytorch_model.bin
10/09/2021 23:21:37 - INFO - __main__ -   Saving model checkpoint to ./ACE_shuffles_sentivent_5e5/checkpoint-2000
10/09/2021 23:22:56 - INFO - __main__ -   Loading features from cached file ./ACE05_shuffles_sentivent/cached_dev_bert-base-uncased_128_ace
10/09/2021 23:22:57 - INFO - __main__ -   ***** Running evaluation  *****
10/09/2021 23:22:57 - INFO - __main__ -     Num examples = 10832
10/09/2021 23:22:57 - INFO - __main__ -     Batch size = 42
10/09/2021 23:23:30 - INFO - __main__ -   ***** Eval results  is test:False *****
10/09/2021 23:23:30 - INFO - __main__ -     eval_f1 = 0.018433179723502304
10/09/2021 23:23:30 - INFO - __main__ -     eval_loss = 0.12651512162424192
10/09/2021 23:23:30 - INFO - __main__ -     eval_p = 0.4
10/09/2021 23:23:30 - INFO - __main__ -     eval_recall = 0.009433962264150943
10/09/2021 23:23:30 - INFO - __main__ -   Loading features from cached file ./ACE05_shuffles_sentivent/cached_test_bert-base-uncased_128_ace
10/09/2021 23:23:31 - INFO - __main__ -   ***** Running evaluation  *****
10/09/2021 23:23:31 - INFO - __main__ -     Num examples = 10496
10/09/2021 23:23:31 - INFO - __main__ -     Batch size = 42
10/09/2021 23:24:03 - INFO - __main__ -   ***** Eval results  is test:True *****
10/09/2021 23:24:03 - INFO - __main__ -     eval_f1 = 0.014652014652014652
10/09/2021 23:24:03 - INFO - __main__ -     eval_loss = 0.13546591583220288
10/09/2021 23:24:03 - INFO - __main__ -     eval_p = 0.3333333333333333
10/09/2021 23:24:03 - INFO - __main__ -     eval_recall = 0.00749063670411985
10/09/2021 23:24:03 - INFO - __main__ -   test f1: 0.014652014652014652, loss: 0.13546591583220288, global steps: 2100
10/09/2021 23:24:03 - INFO - __main__ -   Average loss: 0.0956406608010487 at global step: 2100
10/09/2021 23:28:01 - INFO - __main__ -   Loading features from cached file ./ACE05_shuffles_sentivent/cached_dev_bert-base-uncased_128_ace
10/09/2021 23:28:02 - INFO - __main__ -   ***** Running evaluation  *****
10/09/2021 23:28:02 - INFO - __main__ -     Num examples = 10832
10/09/2021 23:28:02 - INFO - __main__ -     Batch size = 42
10/09/2021 23:28:35 - INFO - __main__ -   ***** Eval results  is test:False *****
10/09/2021 23:28:35 - INFO - __main__ -     eval_f1 = 0.042194092827004225
10/09/2021 23:28:35 - INFO - __main__ -     eval_loss = 0.1375059990480573
10/09/2021 23:28:35 - INFO - __main__ -     eval_p = 0.2
10/09/2021 23:28:35 - INFO - __main__ -     eval_recall = 0.02358490566037736
10/09/2021 23:28:35 - INFO - __main__ -   Loading features from cached file ./ACE05_shuffles_sentivent/cached_test_bert-base-uncased_128_ace
10/09/2021 23:28:36 - INFO - __main__ -   ***** Running evaluation  *****
10/09/2021 23:28:36 - INFO - __main__ -     Num examples = 10496
10/09/2021 23:28:36 - INFO - __main__ -     Batch size = 42
10/09/2021 23:29:08 - INFO - __main__ -   ***** Eval results  is test:True *****
10/09/2021 23:29:08 - INFO - __main__ -     eval_f1 = 0.020761245674740483
10/09/2021 23:29:08 - INFO - __main__ -     eval_loss = 0.14694855504785664
10/09/2021 23:29:08 - INFO - __main__ -     eval_p = 0.13636363636363635
10/09/2021 23:29:08 - INFO - __main__ -     eval_recall = 0.011235955056179775
10/09/2021 23:29:08 - INFO - __main__ -   test f1: 0.020761245674740483, loss: 0.14694855504785664, global steps: 2400
10/09/2021 23:29:08 - INFO - __main__ -   Average loss: 0.0827529756569614 at global step: 2400
10/09/2021 23:33:07 - INFO - __main__ -   Loading features from cached file ./ACE05_shuffles_sentivent/cached_dev_bert-base-uncased_128_ace
10/09/2021 23:33:08 - INFO - __main__ -   ***** Running evaluation  *****
10/09/2021 23:33:08 - INFO - __main__ -     Num examples = 10832
10/09/2021 23:33:08 - INFO - __main__ -     Batch size = 42
10/09/2021 23:33:41 - INFO - __main__ -   ***** Eval results  is test:False *****
10/09/2021 23:33:41 - INFO - __main__ -     eval_f1 = 0.026666666666666665
10/09/2021 23:33:41 - INFO - __main__ -     eval_loss = 0.128594707906997
10/09/2021 23:33:41 - INFO - __main__ -     eval_p = 0.23076923076923078
10/09/2021 23:33:41 - INFO - __main__ -     eval_recall = 0.014150943396226415
10/09/2021 23:33:41 - INFO - __main__ -   Average loss: 0.08083459071465768 at global step: 2700
10/09/2021 23:37:39 - INFO - __main__ -   Loading features from cached file ./ACE05_shuffles_sentivent/cached_dev_bert-base-uncased_128_ace
10/09/2021 23:37:40 - INFO - __main__ -   ***** Running evaluation  *****
10/09/2021 23:37:40 - INFO - __main__ -     Num examples = 10832
10/09/2021 23:37:40 - INFO - __main__ -     Batch size = 42
10/09/2021 23:38:14 - INFO - __main__ -   ***** Eval results  is test:False *****
10/09/2021 23:38:14 - INFO - __main__ -     eval_f1 = 0.059829059829059825
10/09/2021 23:38:14 - INFO - __main__ -     eval_loss = 0.12211427638260286
10/09/2021 23:38:14 - INFO - __main__ -     eval_p = 0.3181818181818182
10/09/2021 23:38:14 - INFO - __main__ -     eval_recall = 0.0330188679245283
10/09/2021 23:38:14 - INFO - __main__ -   Loading features from cached file ./ACE05_shuffles_sentivent/cached_test_bert-base-uncased_128_ace
10/09/2021 23:38:14 - INFO - __main__ -   ***** Running evaluation  *****
10/09/2021 23:38:14 - INFO - __main__ -     Num examples = 10496
10/09/2021 23:38:14 - INFO - __main__ -     Batch size = 42
10/09/2021 23:38:47 - INFO - __main__ -   ***** Eval results  is test:True *****
10/09/2021 23:38:47 - INFO - __main__ -     eval_f1 = 0.007017543859649122
10/09/2021 23:38:47 - INFO - __main__ -     eval_loss = 0.13881986271031202
10/09/2021 23:38:47 - INFO - __main__ -     eval_p = 0.05555555555555555
10/09/2021 23:38:47 - INFO - __main__ -     eval_recall = 0.003745318352059925
10/09/2021 23:38:47 - INFO - __main__ -   test f1: 0.007017543859649122, loss: 0.13881986271031202, global steps: 3000
10/09/2021 23:38:47 - INFO - __main__ -   Average loss: 0.07233113470526102 at global step: 3000
10/09/2021 23:38:47 - INFO - transformers.configuration_utils -   Configuration saved in ./ACE_shuffles_sentivent_5e5/checkpoint-3000/config.json
10/09/2021 23:38:50 - INFO - transformers.modeling_utils -   Model weights saved in ./ACE_shuffles_sentivent_5e5/checkpoint-3000/pytorch_model.bin
10/09/2021 23:38:50 - INFO - transformers.configuration_utils -   Configuration saved in ./ACE_shuffles_sentivent_5e5/checkpoint-3000/bert/config.json
10/09/2021 23:38:53 - INFO - transformers.modeling_utils -   Model weights saved in ./ACE_shuffles_sentivent_5e5/checkpoint-3000/bert/pytorch_model.bin
10/09/2021 23:38:53 - INFO - __main__ -   Saving model checkpoint to ./ACE_shuffles_sentivent_5e5/checkpoint-3000
10/09/2021 23:42:51 - INFO - __main__ -   Loading features from cached file ./ACE05_shuffles_sentivent/cached_dev_bert-base-uncased_128_ace
10/09/2021 23:42:51 - INFO - __main__ -   ***** Running evaluation  *****
10/09/2021 23:42:51 - INFO - __main__ -     Num examples = 10832
10/09/2021 23:42:51 - INFO - __main__ -     Batch size = 42
10/09/2021 23:43:25 - INFO - __main__ -   ***** Eval results  is test:False *****
10/09/2021 23:43:25 - INFO - __main__ -     eval_f1 = 0.07317073170731707
10/09/2021 23:43:25 - INFO - __main__ -     eval_loss = 0.13563857384572256
10/09/2021 23:43:25 - INFO - __main__ -     eval_p = 0.2647058823529412
10/09/2021 23:43:25 - INFO - __main__ -     eval_recall = 0.04245283018867924
10/09/2021 23:43:25 - INFO - __main__ -   Loading features from cached file ./ACE05_shuffles_sentivent/cached_test_bert-base-uncased_128_ace
10/09/2021 23:43:26 - INFO - __main__ -   ***** Running evaluation  *****
10/09/2021 23:43:26 - INFO - __main__ -     Num examples = 10496
10/09/2021 23:43:26 - INFO - __main__ -     Batch size = 42
10/09/2021 23:43:58 - INFO - __main__ -   ***** Eval results  is test:True *****
10/09/2021 23:43:58 - INFO - __main__ -     eval_f1 = 0.0707395498392283
10/09/2021 23:43:58 - INFO - __main__ -     eval_loss = 0.14290353674197104
10/09/2021 23:43:58 - INFO - __main__ -     eval_p = 0.25
10/09/2021 23:43:58 - INFO - __main__ -     eval_recall = 0.04119850187265917
10/09/2021 23:43:58 - INFO - __main__ -   test f1: 0.0707395498392283, loss: 0.14290353674197104, global steps: 3300
10/09/2021 23:43:58 - INFO - __main__ -   Average loss: 0.06494902452415166 at global step: 3300
10/09/2021 23:47:57 - INFO - __main__ -   Loading features from cached file ./ACE05_shuffles_sentivent/cached_dev_bert-base-uncased_128_ace
10/09/2021 23:47:57 - INFO - __main__ -   ***** Running evaluation  *****
10/09/2021 23:47:57 - INFO - __main__ -     Num examples = 10832
10/09/2021 23:47:57 - INFO - __main__ -     Batch size = 42
10/09/2021 23:48:31 - INFO - __main__ -   ***** Eval results  is test:False *****
10/09/2021 23:48:31 - INFO - __main__ -     eval_f1 = 0.09022556390977443
10/09/2021 23:48:31 - INFO - __main__ -     eval_loss = 0.12786233501306685
10/09/2021 23:48:31 - INFO - __main__ -     eval_p = 0.2222222222222222
10/09/2021 23:48:31 - INFO - __main__ -     eval_recall = 0.05660377358490566
10/09/2021 23:48:31 - INFO - __main__ -   Loading features from cached file ./ACE05_shuffles_sentivent/cached_test_bert-base-uncased_128_ace
10/09/2021 23:48:32 - INFO - __main__ -   ***** Running evaluation  *****
10/09/2021 23:48:32 - INFO - __main__ -     Num examples = 10496
10/09/2021 23:48:32 - INFO - __main__ -     Batch size = 42
10/09/2021 23:49:04 - INFO - __main__ -   ***** Eval results  is test:True *****
10/09/2021 23:49:04 - INFO - __main__ -     eval_f1 = 0.12280701754385967
10/09/2021 23:49:04 - INFO - __main__ -     eval_loss = 0.15146081778872758
10/09/2021 23:49:04 - INFO - __main__ -     eval_p = 0.28
10/09/2021 23:49:04 - INFO - __main__ -     eval_recall = 0.07865168539325842
10/09/2021 23:49:04 - INFO - __main__ -   test f1: 0.12280701754385967, loss: 0.15146081778872758, global steps: 3600
10/09/2021 23:49:04 - INFO - __main__ -   Average loss: 0.06361869368042486 at global step: 3600
10/09/2021 23:53:03 - INFO - __main__ -   Loading features from cached file ./ACE05_shuffles_sentivent/cached_dev_bert-base-uncased_128_ace
10/09/2021 23:53:03 - INFO - __main__ -   ***** Running evaluation  *****
10/09/2021 23:53:03 - INFO - __main__ -     Num examples = 10832
10/09/2021 23:53:03 - INFO - __main__ -     Batch size = 42
10/09/2021 23:53:37 - INFO - __main__ -   ***** Eval results  is test:False *****
10/09/2021 23:53:37 - INFO - __main__ -     eval_f1 = 0.07913669064748201
10/09/2021 23:53:37 - INFO - __main__ -     eval_loss = 0.13210770094872348
10/09/2021 23:53:37 - INFO - __main__ -     eval_p = 0.16666666666666666
10/09/2021 23:53:37 - INFO - __main__ -     eval_recall = 0.05188679245283019
10/09/2021 23:53:37 - INFO - __main__ -   Average loss: 0.062351102884470794 at global step: 3900
10/09/2021 23:54:57 - INFO - transformers.configuration_utils -   Configuration saved in ./ACE_shuffles_sentivent_5e5/checkpoint-4000/config.json
10/09/2021 23:55:00 - INFO - transformers.modeling_utils -   Model weights saved in ./ACE_shuffles_sentivent_5e5/checkpoint-4000/pytorch_model.bin
10/09/2021 23:55:00 - INFO - transformers.configuration_utils -   Configuration saved in ./ACE_shuffles_sentivent_5e5/checkpoint-4000/bert/config.json
10/09/2021 23:55:02 - INFO - transformers.modeling_utils -   Model weights saved in ./ACE_shuffles_sentivent_5e5/checkpoint-4000/bert/pytorch_model.bin
10/09/2021 23:55:02 - INFO - __main__ -   Saving model checkpoint to ./ACE_shuffles_sentivent_5e5/checkpoint-4000
10/09/2021 23:57:40 - INFO - __main__ -   Loading features from cached file ./ACE05_shuffles_sentivent/cached_dev_bert-base-uncased_128_ace
10/09/2021 23:57:41 - INFO - __main__ -   ***** Running evaluation  *****
10/09/2021 23:57:41 - INFO - __main__ -     Num examples = 10832
10/09/2021 23:57:41 - INFO - __main__ -     Batch size = 42
10/09/2021 23:58:14 - INFO - __main__ -   ***** Eval results  is test:False *****
10/09/2021 23:58:14 - INFO - __main__ -     eval_f1 = 0.07086614173228345
10/09/2021 23:58:14 - INFO - __main__ -     eval_loss = 0.1489960273567365
10/09/2021 23:58:14 - INFO - __main__ -     eval_p = 0.21428571428571427
10/09/2021 23:58:14 - INFO - __main__ -     eval_recall = 0.04245283018867924
10/09/2021 23:58:14 - INFO - __main__ -   Average loss: 0.0592926974031919 at global step: 4200
10/10/2021 00:02:13 - INFO - __main__ -   Loading features from cached file ./ACE05_shuffles_sentivent/cached_dev_bert-base-uncased_128_ace
10/10/2021 00:02:13 - INFO - __main__ -   ***** Running evaluation  *****
10/10/2021 00:02:13 - INFO - __main__ -     Num examples = 10832
10/10/2021 00:02:13 - INFO - __main__ -     Batch size = 42
10/10/2021 00:02:47 - INFO - __main__ -   ***** Eval results  is test:False *****
10/10/2021 00:02:47 - INFO - __main__ -     eval_f1 = 0.06694560669456068
10/10/2021 00:02:47 - INFO - __main__ -     eval_loss = 0.14602312201577308
10/10/2021 00:02:47 - INFO - __main__ -     eval_p = 0.2962962962962963
10/10/2021 00:02:47 - INFO - __main__ -     eval_recall = 0.03773584905660377
10/10/2021 00:02:47 - INFO - __main__ -   Average loss: 0.048011594502216516 at global step: 4500
10/10/2021 00:06:45 - INFO - __main__ -   Loading features from cached file ./ACE05_shuffles_sentivent/cached_dev_bert-base-uncased_128_ace
10/10/2021 00:06:46 - INFO - __main__ -   ***** Running evaluation  *****
10/10/2021 00:06:46 - INFO - __main__ -     Num examples = 10832
10/10/2021 00:06:46 - INFO - __main__ -     Batch size = 42
10/10/2021 00:07:19 - INFO - __main__ -   ***** Eval results  is test:False *****
10/10/2021 00:07:19 - INFO - __main__ -     eval_f1 = 0.09459459459459459
10/10/2021 00:07:19 - INFO - __main__ -     eval_loss = 0.1332430546142634
10/10/2021 00:07:19 - INFO - __main__ -     eval_p = 0.16666666666666666
10/10/2021 00:07:19 - INFO - __main__ -     eval_recall = 0.0660377358490566
10/10/2021 00:07:19 - INFO - __main__ -   Loading features from cached file ./ACE05_shuffles_sentivent/cached_test_bert-base-uncased_128_ace
10/10/2021 00:07:20 - INFO - __main__ -   ***** Running evaluation  *****
10/10/2021 00:07:20 - INFO - __main__ -     Num examples = 10496
10/10/2021 00:07:20 - INFO - __main__ -     Batch size = 42
10/10/2021 00:07:52 - INFO - __main__ -   ***** Eval results  is test:True *****
10/10/2021 00:07:52 - INFO - __main__ -     eval_f1 = 0.11702127659574468
10/10/2021 00:07:52 - INFO - __main__ -     eval_loss = 0.14737368623306973
10/10/2021 00:07:52 - INFO - __main__ -     eval_p = 0.2018348623853211
10/10/2021 00:07:52 - INFO - __main__ -     eval_recall = 0.08239700374531835
10/10/2021 00:07:52 - INFO - __main__ -   test f1: 0.11702127659574468, loss: 0.14737368623306973, global steps: 4800
10/10/2021 00:07:52 - INFO - __main__ -   Average loss: 0.05133093105842514 at global step: 4800
10/10/2021 00:10:31 - INFO - transformers.configuration_utils -   Configuration saved in ./ACE_shuffles_sentivent_5e5/checkpoint-5000/config.json
10/10/2021 00:10:35 - INFO - transformers.modeling_utils -   Model weights saved in ./ACE_shuffles_sentivent_5e5/checkpoint-5000/pytorch_model.bin
10/10/2021 00:10:35 - INFO - transformers.configuration_utils -   Configuration saved in ./ACE_shuffles_sentivent_5e5/checkpoint-5000/bert/config.json
10/10/2021 00:10:37 - INFO - transformers.modeling_utils -   Model weights saved in ./ACE_shuffles_sentivent_5e5/checkpoint-5000/bert/pytorch_model.bin
10/10/2021 00:10:37 - INFO - __main__ -   Saving model checkpoint to ./ACE_shuffles_sentivent_5e5/checkpoint-5000
10/10/2021 00:11:55 - INFO - __main__ -   Loading features from cached file ./ACE05_shuffles_sentivent/cached_dev_bert-base-uncased_128_ace
10/10/2021 00:11:56 - INFO - __main__ -   ***** Running evaluation  *****
10/10/2021 00:11:56 - INFO - __main__ -     Num examples = 10832
10/10/2021 00:11:56 - INFO - __main__ -     Batch size = 42
10/10/2021 00:12:30 - INFO - __main__ -   ***** Eval results  is test:False *****
10/10/2021 00:12:30 - INFO - __main__ -     eval_f1 = 0.08764940239043825
10/10/2021 00:12:30 - INFO - __main__ -     eval_loss = 0.12723653166058072
10/10/2021 00:12:30 - INFO - __main__ -     eval_p = 0.28205128205128205
10/10/2021 00:12:30 - INFO - __main__ -     eval_recall = 0.05188679245283019
10/10/2021 00:12:30 - INFO - __main__ -   Average loss: 0.05122926924125447 at global step: 5100
10/10/2021 00:16:27 - INFO - __main__ -   Loading features from cached file ./ACE05_shuffles_sentivent/cached_dev_bert-base-uncased_128_ace
10/10/2021 00:16:28 - INFO - __main__ -   ***** Running evaluation  *****
10/10/2021 00:16:28 - INFO - __main__ -     Num examples = 10832
10/10/2021 00:16:28 - INFO - __main__ -     Batch size = 42
10/10/2021 00:17:01 - INFO - __main__ -   ***** Eval results  is test:False *****
10/10/2021 00:17:01 - INFO - __main__ -     eval_f1 = 0.10181818181818182
10/10/2021 00:17:01 - INFO - __main__ -     eval_loss = 0.13789834917113258
10/10/2021 00:17:01 - INFO - __main__ -     eval_p = 0.2222222222222222
10/10/2021 00:17:01 - INFO - __main__ -     eval_recall = 0.0660377358490566
10/10/2021 00:17:01 - INFO - __main__ -   Loading features from cached file ./ACE05_shuffles_sentivent/cached_test_bert-base-uncased_128_ace
10/10/2021 00:17:02 - INFO - __main__ -   ***** Running evaluation  *****
10/10/2021 00:17:02 - INFO - __main__ -     Num examples = 10496
10/10/2021 00:17:02 - INFO - __main__ -     Batch size = 42
10/10/2021 00:17:34 - INFO - __main__ -   ***** Eval results  is test:True *****
10/10/2021 00:17:34 - INFO - __main__ -     eval_f1 = 0.12359550561797754
10/10/2021 00:17:34 - INFO - __main__ -     eval_loss = 0.1591091315880185
10/10/2021 00:17:34 - INFO - __main__ -     eval_p = 0.24719101123595505
10/10/2021 00:17:34 - INFO - __main__ -     eval_recall = 0.08239700374531835
10/10/2021 00:17:34 - INFO - __main__ -   test f1: 0.12359550561797754, loss: 0.1591091315880185, global steps: 5400
10/10/2021 00:17:34 - INFO - __main__ -   Average loss: 0.03985837373843727 at global step: 5400
10/10/2021 00:21:31 - INFO - __main__ -   Loading features from cached file ./ACE05_shuffles_sentivent/cached_dev_bert-base-uncased_128_ace
10/10/2021 00:21:32 - INFO - __main__ -   ***** Running evaluation  *****
10/10/2021 00:21:32 - INFO - __main__ -     Num examples = 10832
10/10/2021 00:21:32 - INFO - __main__ -     Batch size = 42
10/10/2021 00:22:05 - INFO - __main__ -   ***** Eval results  is test:False *****
10/10/2021 00:22:05 - INFO - __main__ -     eval_f1 = 0.10108303249097474
10/10/2021 00:22:05 - INFO - __main__ -     eval_loss = 0.14662697006782016
10/10/2021 00:22:05 - INFO - __main__ -     eval_p = 0.2153846153846154
10/10/2021 00:22:05 - INFO - __main__ -     eval_recall = 0.0660377358490566
10/10/2021 00:22:05 - INFO - __main__ -   Average loss: 0.03701223782981591 at global step: 5700
10/10/2021 00:26:02 - INFO - __main__ -   Loading features from cached file ./ACE05_shuffles_sentivent/cached_dev_bert-base-uncased_128_ace
10/10/2021 00:26:03 - INFO - __main__ -   ***** Running evaluation  *****
10/10/2021 00:26:03 - INFO - __main__ -     Num examples = 10832
10/10/2021 00:26:03 - INFO - __main__ -     Batch size = 42
10/10/2021 00:26:36 - INFO - __main__ -   ***** Eval results  is test:False *****
10/10/2021 00:26:36 - INFO - __main__ -     eval_f1 = 0.07782101167315177
10/10/2021 00:26:36 - INFO - __main__ -     eval_loss = 0.1555007608698107
10/10/2021 00:26:36 - INFO - __main__ -     eval_p = 0.2222222222222222
10/10/2021 00:26:36 - INFO - __main__ -     eval_recall = 0.04716981132075472
10/10/2021 00:26:36 - INFO - __main__ -   Average loss: 0.04509391664420643 at global step: 6000
10/10/2021 00:26:36 - INFO - transformers.configuration_utils -   Configuration saved in ./ACE_shuffles_sentivent_5e5/checkpoint-6000/config.json
10/10/2021 00:26:40 - INFO - transformers.modeling_utils -   Model weights saved in ./ACE_shuffles_sentivent_5e5/checkpoint-6000/pytorch_model.bin
10/10/2021 00:26:40 - INFO - transformers.configuration_utils -   Configuration saved in ./ACE_shuffles_sentivent_5e5/checkpoint-6000/bert/config.json
10/10/2021 00:26:42 - INFO - transformers.modeling_utils -   Model weights saved in ./ACE_shuffles_sentivent_5e5/checkpoint-6000/bert/pytorch_model.bin
10/10/2021 00:26:42 - INFO - __main__ -   Saving model checkpoint to ./ACE_shuffles_sentivent_5e5/checkpoint-6000
10/10/2021 00:30:38 - INFO - __main__ -   Loading features from cached file ./ACE05_shuffles_sentivent/cached_dev_bert-base-uncased_128_ace
10/10/2021 00:30:39 - INFO - __main__ -   ***** Running evaluation  *****
10/10/2021 00:30:39 - INFO - __main__ -     Num examples = 10832
10/10/2021 00:30:39 - INFO - __main__ -     Batch size = 42
10/10/2021 00:31:12 - INFO - __main__ -   ***** Eval results  is test:False *****
10/10/2021 00:31:12 - INFO - __main__ -     eval_f1 = 0.07722007722007723
10/10/2021 00:31:12 - INFO - __main__ -     eval_loss = 0.1505466332957383
10/10/2021 00:31:12 - INFO - __main__ -     eval_p = 0.2127659574468085
10/10/2021 00:31:12 - INFO - __main__ -     eval_recall = 0.04716981132075472
10/10/2021 00:31:12 - INFO - __main__ -   Average loss: 0.03841153129130059 at global step: 6300
10/10/2021 00:35:09 - INFO - __main__ -   Loading features from cached file ./ACE05_shuffles_sentivent/cached_dev_bert-base-uncased_128_ace
10/10/2021 00:35:09 - INFO - __main__ -   ***** Running evaluation  *****
10/10/2021 00:35:09 - INFO - __main__ -     Num examples = 10832
10/10/2021 00:35:09 - INFO - __main__ -     Batch size = 42
10/10/2021 00:35:43 - INFO - __main__ -   ***** Eval results  is test:False *****
10/10/2021 00:35:43 - INFO - __main__ -     eval_f1 = 0.05063291139240506
10/10/2021 00:35:43 - INFO - __main__ -     eval_loss = 0.15586710455913147
10/10/2021 00:35:43 - INFO - __main__ -     eval_p = 0.24
10/10/2021 00:35:43 - INFO - __main__ -     eval_recall = 0.02830188679245283
10/10/2021 00:35:43 - INFO - __main__ -   Average loss: 0.03505793286720291 at global step: 6600
10/10/2021 00:39:40 - INFO - __main__ -   Loading features from cached file ./ACE05_shuffles_sentivent/cached_dev_bert-base-uncased_128_ace
10/10/2021 00:39:40 - INFO - __main__ -   ***** Running evaluation  *****
10/10/2021 00:39:40 - INFO - __main__ -     Num examples = 10832
10/10/2021 00:39:40 - INFO - __main__ -     Batch size = 42
10/10/2021 00:40:14 - INFO - __main__ -   ***** Eval results  is test:False *****
10/10/2021 00:40:14 - INFO - __main__ -     eval_f1 = 0.07317073170731707
10/10/2021 00:40:14 - INFO - __main__ -     eval_loss = 0.15435831467346348
10/10/2021 00:40:14 - INFO - __main__ -     eval_p = 0.2647058823529412
10/10/2021 00:40:14 - INFO - __main__ -     eval_recall = 0.04245283018867924
10/10/2021 00:40:14 - INFO - __main__ -   Average loss: 0.03510949174504882 at global step: 6900
10/10/2021 00:41:33 - INFO - transformers.configuration_utils -   Configuration saved in ./ACE_shuffles_sentivent_5e5/checkpoint-7000/config.json
10/10/2021 00:41:36 - INFO - transformers.modeling_utils -   Model weights saved in ./ACE_shuffles_sentivent_5e5/checkpoint-7000/pytorch_model.bin
10/10/2021 00:41:36 - INFO - transformers.configuration_utils -   Configuration saved in ./ACE_shuffles_sentivent_5e5/checkpoint-7000/bert/config.json
10/10/2021 00:41:39 - INFO - transformers.modeling_utils -   Model weights saved in ./ACE_shuffles_sentivent_5e5/checkpoint-7000/bert/pytorch_model.bin
10/10/2021 00:41:39 - INFO - __main__ -   Saving model checkpoint to ./ACE_shuffles_sentivent_5e5/checkpoint-7000
10/10/2021 00:44:17 - INFO - __main__ -   Loading features from cached file ./ACE05_shuffles_sentivent/cached_dev_bert-base-uncased_128_ace
10/10/2021 00:44:18 - INFO - __main__ -   ***** Running evaluation  *****
10/10/2021 00:44:18 - INFO - __main__ -     Num examples = 10832
10/10/2021 00:44:18 - INFO - __main__ -     Batch size = 42
10/10/2021 00:44:51 - INFO - __main__ -   ***** Eval results  is test:False *****
10/10/2021 00:44:51 - INFO - __main__ -     eval_f1 = 0.08695652173913045
10/10/2021 00:44:51 - INFO - __main__ -     eval_loss = 0.1510723556571876
10/10/2021 00:44:51 - INFO - __main__ -     eval_p = 0.2682926829268293
10/10/2021 00:44:51 - INFO - __main__ -     eval_recall = 0.05188679245283019
10/10/2021 00:44:51 - INFO - __main__ -   Average loss: 0.03673688513343223 at global step: 7200
10/10/2021 00:48:50 - INFO - __main__ -   Loading features from cached file ./ACE05_shuffles_sentivent/cached_dev_bert-base-uncased_128_ace
10/10/2021 00:48:50 - INFO - __main__ -   ***** Running evaluation  *****
10/10/2021 00:48:50 - INFO - __main__ -     Num examples = 10832
10/10/2021 00:48:50 - INFO - __main__ -     Batch size = 42
10/10/2021 00:49:24 - INFO - __main__ -   ***** Eval results  is test:False *****
10/10/2021 00:49:24 - INFO - __main__ -     eval_f1 = 0.0963855421686747
10/10/2021 00:49:24 - INFO - __main__ -     eval_loss = 0.15665486006533444
10/10/2021 00:49:24 - INFO - __main__ -     eval_p = 0.32432432432432434
10/10/2021 00:49:24 - INFO - __main__ -     eval_recall = 0.05660377358490566
10/10/2021 00:49:24 - INFO - __main__ -   Average loss: 0.02934499193400067 at global step: 7500
10/10/2021 00:53:22 - INFO - __main__ -   Loading features from cached file ./ACE05_shuffles_sentivent/cached_dev_bert-base-uncased_128_ace
10/10/2021 00:53:22 - INFO - __main__ -   ***** Running evaluation  *****
10/10/2021 00:53:22 - INFO - __main__ -     Num examples = 10832
10/10/2021 00:53:22 - INFO - __main__ -     Batch size = 42
10/10/2021 00:53:56 - INFO - __main__ -   ***** Eval results  is test:False *****
10/10/2021 00:53:56 - INFO - __main__ -     eval_f1 = 0.08560311284046693
10/10/2021 00:53:56 - INFO - __main__ -     eval_loss = 0.17095961519182254
10/10/2021 00:53:56 - INFO - __main__ -     eval_p = 0.24444444444444444
10/10/2021 00:53:56 - INFO - __main__ -     eval_recall = 0.05188679245283019
10/10/2021 00:53:56 - INFO - __main__ -   Average loss: 0.030288063802290707 at global step: 7800
10/10/2021 00:56:35 - INFO - transformers.configuration_utils -   Configuration saved in ./ACE_shuffles_sentivent_5e5/checkpoint-8000/config.json
10/10/2021 00:56:38 - INFO - transformers.modeling_utils -   Model weights saved in ./ACE_shuffles_sentivent_5e5/checkpoint-8000/pytorch_model.bin
10/10/2021 00:56:38 - INFO - transformers.configuration_utils -   Configuration saved in ./ACE_shuffles_sentivent_5e5/checkpoint-8000/bert/config.json
10/10/2021 00:56:40 - INFO - transformers.modeling_utils -   Model weights saved in ./ACE_shuffles_sentivent_5e5/checkpoint-8000/bert/pytorch_model.bin
10/10/2021 00:56:40 - INFO - __main__ -   Saving model checkpoint to ./ACE_shuffles_sentivent_5e5/checkpoint-8000
10/10/2021 00:57:59 - INFO - __main__ -   Loading features from cached file ./ACE05_shuffles_sentivent/cached_dev_bert-base-uncased_128_ace
10/10/2021 00:57:59 - INFO - __main__ -   ***** Running evaluation  *****
10/10/2021 00:57:59 - INFO - __main__ -     Num examples = 10832
10/10/2021 00:57:59 - INFO - __main__ -     Batch size = 42
10/10/2021 00:58:33 - INFO - __main__ -   ***** Eval results  is test:False *****
10/10/2021 00:58:33 - INFO - __main__ -     eval_f1 = 0.08396946564885495
10/10/2021 00:58:33 - INFO - __main__ -     eval_loss = 0.16421557784317622
10/10/2021 00:58:33 - INFO - __main__ -     eval_p = 0.22
10/10/2021 00:58:33 - INFO - __main__ -     eval_recall = 0.05188679245283019
10/10/2021 00:58:33 - INFO - __main__ -   Average loss: 0.029210619356696648 at global step: 8100
10/10/2021 01:02:31 - INFO - __main__ -   Loading features from cached file ./ACE05_shuffles_sentivent/cached_dev_bert-base-uncased_128_ace
10/10/2021 01:02:32 - INFO - __main__ -   ***** Running evaluation  *****
10/10/2021 01:02:32 - INFO - __main__ -     Num examples = 10832
10/10/2021 01:02:32 - INFO - __main__ -     Batch size = 42
10/10/2021 01:03:05 - INFO - __main__ -   ***** Eval results  is test:False *****
10/10/2021 01:03:05 - INFO - __main__ -     eval_f1 = 0.0916030534351145
10/10/2021 01:03:05 - INFO - __main__ -     eval_loss = 0.16888292652434447
10/10/2021 01:03:05 - INFO - __main__ -     eval_p = 0.24
10/10/2021 01:03:05 - INFO - __main__ -     eval_recall = 0.05660377358490566
10/10/2021 01:03:05 - INFO - __main__ -   Average loss: 0.030681024383423693 at global step: 8400
10/10/2021 01:07:03 - INFO - __main__ -   Loading features from cached file ./ACE05_shuffles_sentivent/cached_dev_bert-base-uncased_128_ace
10/10/2021 01:07:04 - INFO - __main__ -   ***** Running evaluation  *****
10/10/2021 01:07:04 - INFO - __main__ -     Num examples = 10832
10/10/2021 01:07:04 - INFO - __main__ -     Batch size = 42
10/10/2021 01:07:37 - INFO - __main__ -   ***** Eval results  is test:False *****
10/10/2021 01:07:37 - INFO - __main__ -     eval_f1 = 0.07142857142857142
10/10/2021 01:07:37 - INFO - __main__ -     eval_loss = 0.17138000144430324
10/10/2021 01:07:37 - INFO - __main__ -     eval_p = 0.225
10/10/2021 01:07:37 - INFO - __main__ -     eval_recall = 0.04245283018867924
10/10/2021 01:07:37 - INFO - __main__ -   Average loss: 0.023410707526588036 at global step: 8700
10/10/2021 01:11:36 - INFO - __main__ -   Loading features from cached file ./ACE05_shuffles_sentivent/cached_dev_bert-base-uncased_128_ace
10/10/2021 01:11:36 - INFO - __main__ -   ***** Running evaluation  *****
10/10/2021 01:11:36 - INFO - __main__ -     Num examples = 10832
10/10/2021 01:11:36 - INFO - __main__ -     Batch size = 42
10/10/2021 01:12:10 - INFO - __main__ -   ***** Eval results  is test:False *****
10/10/2021 01:12:10 - INFO - __main__ -     eval_f1 = 0.09448818897637797
10/10/2021 01:12:10 - INFO - __main__ -     eval_loss = 0.17380193882805303
10/10/2021 01:12:10 - INFO - __main__ -     eval_p = 0.2857142857142857
10/10/2021 01:12:10 - INFO - __main__ -     eval_recall = 0.05660377358490566
10/10/2021 01:12:10 - INFO - __main__ -   Average loss: 0.024938093138334807 at global step: 9000
10/10/2021 01:12:10 - INFO - transformers.configuration_utils -   Configuration saved in ./ACE_shuffles_sentivent_5e5/checkpoint-9000/config.json
10/10/2021 01:12:13 - INFO - transformers.modeling_utils -   Model weights saved in ./ACE_shuffles_sentivent_5e5/checkpoint-9000/pytorch_model.bin
10/10/2021 01:12:13 - INFO - transformers.configuration_utils -   Configuration saved in ./ACE_shuffles_sentivent_5e5/checkpoint-9000/bert/config.json
10/10/2021 01:12:16 - INFO - transformers.modeling_utils -   Model weights saved in ./ACE_shuffles_sentivent_5e5/checkpoint-9000/bert/pytorch_model.bin
10/10/2021 01:12:16 - INFO - __main__ -   Saving model checkpoint to ./ACE_shuffles_sentivent_5e5/checkpoint-9000
10/10/2021 01:16:13 - INFO - __main__ -   Loading features from cached file ./ACE05_shuffles_sentivent/cached_dev_bert-base-uncased_128_ace
10/10/2021 01:16:14 - INFO - __main__ -   ***** Running evaluation  *****
10/10/2021 01:16:14 - INFO - __main__ -     Num examples = 10832
10/10/2021 01:16:14 - INFO - __main__ -     Batch size = 42
10/10/2021 01:16:47 - INFO - __main__ -   ***** Eval results  is test:False *****
10/10/2021 01:16:47 - INFO - __main__ -     eval_f1 = 0.07751937984496124
10/10/2021 01:16:47 - INFO - __main__ -     eval_loss = 0.16531494000697394
10/10/2021 01:16:47 - INFO - __main__ -     eval_p = 0.21739130434782608
10/10/2021 01:16:47 - INFO - __main__ -     eval_recall = 0.04716981132075472
10/10/2021 01:16:47 - INFO - __main__ -   Average loss: 0.026220154625722594 at global step: 9300
10/10/2021 01:20:46 - INFO - __main__ -   Loading features from cached file ./ACE05_shuffles_sentivent/cached_dev_bert-base-uncased_128_ace
10/10/2021 01:20:46 - INFO - __main__ -   ***** Running evaluation  *****
10/10/2021 01:20:46 - INFO - __main__ -     Num examples = 10832
10/10/2021 01:20:46 - INFO - __main__ -     Batch size = 42
10/10/2021 01:21:20 - INFO - __main__ -   ***** Eval results  is test:False *****
10/10/2021 01:21:20 - INFO - __main__ -     eval_f1 = 0.08730158730158731
10/10/2021 01:21:20 - INFO - __main__ -     eval_loss = 0.17439985893417556
10/10/2021 01:21:20 - INFO - __main__ -     eval_p = 0.275
10/10/2021 01:21:20 - INFO - __main__ -     eval_recall = 0.05188679245283019
10/10/2021 01:21:20 - INFO - __main__ -   Average loss: 0.020931452599616023 at global step: 9600
10/10/2021 01:25:18 - INFO - __main__ -   Loading features from cached file ./ACE05_shuffles_sentivent/cached_dev_bert-base-uncased_128_ace
10/10/2021 01:25:18 - INFO - __main__ -   ***** Running evaluation  *****
10/10/2021 01:25:18 - INFO - __main__ -     Num examples = 10832
10/10/2021 01:25:18 - INFO - __main__ -     Batch size = 42
10/10/2021 01:25:52 - INFO - __main__ -   ***** Eval results  is test:False *****
10/10/2021 01:25:52 - INFO - __main__ -     eval_f1 = 0.08461538461538462
10/10/2021 01:25:52 - INFO - __main__ -     eval_loss = 0.17832070207293518
10/10/2021 01:25:52 - INFO - __main__ -     eval_p = 0.22916666666666666
10/10/2021 01:25:52 - INFO - __main__ -     eval_recall = 0.05188679245283019
10/10/2021 01:25:52 - INFO - __main__ -   Average loss: 0.019116947069802943 at global step: 9900
10/10/2021 01:27:12 - INFO - transformers.configuration_utils -   Configuration saved in ./ACE_shuffles_sentivent_5e5/checkpoint-10000/config.json
10/10/2021 01:27:15 - INFO - transformers.modeling_utils -   Model weights saved in ./ACE_shuffles_sentivent_5e5/checkpoint-10000/pytorch_model.bin
10/10/2021 01:27:15 - INFO - transformers.configuration_utils -   Configuration saved in ./ACE_shuffles_sentivent_5e5/checkpoint-10000/bert/config.json
10/10/2021 01:27:18 - INFO - transformers.modeling_utils -   Model weights saved in ./ACE_shuffles_sentivent_5e5/checkpoint-10000/bert/pytorch_model.bin
10/10/2021 01:27:18 - INFO - __main__ -   Saving model checkpoint to ./ACE_shuffles_sentivent_5e5/checkpoint-10000
10/10/2021 01:29:56 - INFO - __main__ -   Loading features from cached file ./ACE05_shuffles_sentivent/cached_dev_bert-base-uncased_128_ace
10/10/2021 01:29:57 - INFO - __main__ -   ***** Running evaluation  *****
10/10/2021 01:29:57 - INFO - __main__ -     Num examples = 10832
10/10/2021 01:29:57 - INFO - __main__ -     Batch size = 42
10/10/2021 01:30:30 - INFO - __main__ -   ***** Eval results  is test:False *****
10/10/2021 01:30:30 - INFO - __main__ -     eval_f1 = 0.08239700374531836
10/10/2021 01:30:30 - INFO - __main__ -     eval_loss = 0.1723957307398831
10/10/2021 01:30:30 - INFO - __main__ -     eval_p = 0.2
10/10/2021 01:30:30 - INFO - __main__ -     eval_recall = 0.05188679245283019
10/10/2021 01:30:30 - INFO - __main__ -   Average loss: 0.022260329352672366 at global step: 10200
10/10/2021 01:33:09 - INFO - __main__ -    global_step = 10400, average loss = 0.05855471366126809
10/10/2021 01:33:09 - INFO - __main__ -   Saving model checkpoint to ./ACE_shuffles_sentivent_5e5
10/10/2021 01:33:09 - INFO - transformers.configuration_utils -   Configuration saved in ./ACE_shuffles_sentivent_5e5/config.json
10/10/2021 01:33:12 - INFO - transformers.modeling_utils -   Model weights saved in ./ACE_shuffles_sentivent_5e5/pytorch_model.bin
10/10/2021 01:33:12 - INFO - transformers.configuration_utils -   loading configuration file ./ACE_shuffles_sentivent_5e5/config.json
10/10/2021 01:33:12 - INFO - transformers.configuration_utils -   Model config BertConfig {
  "_num_labels": 19,
  "architectures": [
    "DMBERT"
  ],
  "attention_probs_dropout_prob": 0.1,
  "bad_words_ids": null,
  "bos_token_id": null,
  "decoder_start_token_id": null,
  "do_sample": false,
  "early_stopping": false,
  "eos_token_id": null,
  "finetuning_task": "ace",
  "hidden_act": "gelu",
  "hidden_dropout_prob": 0.1,
  "hidden_size": 768,
  "id2label": {
    "0": "LABEL_0",
    "1": "LABEL_1",
    "2": "LABEL_2",
    "3": "LABEL_3",
    "4": "LABEL_4",
    "5": "LABEL_5",
    "6": "LABEL_6",
    "7": "LABEL_7",
    "8": "LABEL_8",
    "9": "LABEL_9",
    "10": "LABEL_10",
    "11": "LABEL_11",
    "12": "LABEL_12",
    "13": "LABEL_13",
    "14": "LABEL_14",
    "15": "LABEL_15",
    "16": "LABEL_16",
    "17": "LABEL_17",
    "18": "LABEL_18"
  },
  "initializer_range": 0.02,
  "intermediate_size": 3072,
  "is_decoder": false,
  "is_encoder_decoder": false,
  "label2id": {
    "LABEL_0": 0,
    "LABEL_1": 1,
    "LABEL_10": 10,
    "LABEL_11": 11,
    "LABEL_12": 12,
    "LABEL_13": 13,
    "LABEL_14": 14,
    "LABEL_15": 15,
    "LABEL_16": 16,
    "LABEL_17": 17,
    "LABEL_18": 18,
    "LABEL_2": 2,
    "LABEL_3": 3,
    "LABEL_4": 4,
    "LABEL_5": 5,
    "LABEL_6": 6,
    "LABEL_7": 7,
    "LABEL_8": 8,
    "LABEL_9": 9
  },
  "layer_norm_eps": 1e-12,
  "length_penalty": 1.0,
  "max_length": 20,
  "max_position_embeddings": 512,
  "min_length": 0,
  "model_type": "bert",
  "no_repeat_ngram_size": 0,
  "num_attention_heads": 12,
  "num_beams": 1,
  "num_hidden_layers": 12,
  "num_return_sequences": 1,
  "output_attentions": false,
  "output_hidden_states": false,
  "output_past": true,
  "pad_token_id": 0,
  "prefix": null,
  "pruned_heads": {},
  "repetition_penalty": 1.0,
  "task_specific_params": null,
  "temperature": 1.0,
  "top_k": 50,
  "top_p": 1.0,
  "torchscript": false,
  "type_vocab_size": 2,
  "use_bfloat16": false,
  "vocab_size": 30522
}

10/10/2021 01:33:12 - INFO - transformers.modeling_utils -   loading weights file ./ACE_shuffles_sentivent_5e5/pytorch_model.bin
10/10/2021 01:33:14 - INFO - transformers.tokenization_utils -   Model name './ACE_shuffles_sentivent_5e5' not found in model shortcut name list (bert-base-uncased, bert-large-uncased, bert-base-cased, bert-large-cased, bert-base-multilingual-uncased, bert-base-multilingual-cased, bert-base-chinese, bert-base-german-cased, bert-large-uncased-whole-word-masking, bert-large-cased-whole-word-masking, bert-large-uncased-whole-word-masking-finetuned-squad, bert-large-cased-whole-word-masking-finetuned-squad, bert-base-cased-finetuned-mrpc, bert-base-german-dbmdz-cased, bert-base-german-dbmdz-uncased, bert-base-finnish-cased-v1, bert-base-finnish-uncased-v1, bert-base-dutch-cased). Assuming './ACE_shuffles_sentivent_5e5' is a path, a model identifier, or url to a directory containing tokenizer files.
10/10/2021 01:33:14 - INFO - transformers.tokenization_utils -   Didn't find file ./ACE_shuffles_sentivent_5e5/added_tokens.json. We won't load it.
10/10/2021 01:33:14 - INFO - transformers.tokenization_utils -   loading file ./ACE_shuffles_sentivent_5e5/vocab.txt
10/10/2021 01:33:14 - INFO - transformers.tokenization_utils -   loading file None
10/10/2021 01:33:14 - INFO - transformers.tokenization_utils -   loading file ./ACE_shuffles_sentivent_5e5/special_tokens_map.json
10/10/2021 01:33:14 - INFO - transformers.tokenization_utils -   loading file ./ACE_shuffles_sentivent_5e5/tokenizer_config.json
10/10/2021 01:33:14 - INFO - __main__ -   Evaluate the following checkpoints: ['./ACE_shuffles_sentivent_5e5']
10/10/2021 01:33:14 - INFO - transformers.configuration_utils -   loading configuration file ./ACE_shuffles_sentivent_5e5/config.json
10/10/2021 01:33:14 - INFO - transformers.configuration_utils -   Model config BertConfig {
  "_num_labels": 19,
  "architectures": [
    "DMBERT"
  ],
  "attention_probs_dropout_prob": 0.1,
  "bad_words_ids": null,
  "bos_token_id": null,
  "decoder_start_token_id": null,
  "do_sample": false,
  "early_stopping": false,
  "eos_token_id": null,
  "finetuning_task": "ace",
  "hidden_act": "gelu",
  "hidden_dropout_prob": 0.1,
  "hidden_size": 768,
  "id2label": {
    "0": "LABEL_0",
    "1": "LABEL_1",
    "2": "LABEL_2",
    "3": "LABEL_3",
    "4": "LABEL_4",
    "5": "LABEL_5",
    "6": "LABEL_6",
    "7": "LABEL_7",
    "8": "LABEL_8",
    "9": "LABEL_9",
    "10": "LABEL_10",
    "11": "LABEL_11",
    "12": "LABEL_12",
    "13": "LABEL_13",
    "14": "LABEL_14",
    "15": "LABEL_15",
    "16": "LABEL_16",
    "17": "LABEL_17",
    "18": "LABEL_18"
  },
  "initializer_range": 0.02,
  "intermediate_size": 3072,
  "is_decoder": false,
  "is_encoder_decoder": false,
  "label2id": {
    "LABEL_0": 0,
    "LABEL_1": 1,
    "LABEL_10": 10,
    "LABEL_11": 11,
    "LABEL_12": 12,
    "LABEL_13": 13,
    "LABEL_14": 14,
    "LABEL_15": 15,
    "LABEL_16": 16,
    "LABEL_17": 17,
    "LABEL_18": 18,
    "LABEL_2": 2,
    "LABEL_3": 3,
    "LABEL_4": 4,
    "LABEL_5": 5,
    "LABEL_6": 6,
    "LABEL_7": 7,
    "LABEL_8": 8,
    "LABEL_9": 9
  },
  "layer_norm_eps": 1e-12,
  "length_penalty": 1.0,
  "max_length": 20,
  "max_position_embeddings": 512,
  "min_length": 0,
  "model_type": "bert",
  "no_repeat_ngram_size": 0,
  "num_attention_heads": 12,
  "num_beams": 1,
  "num_hidden_layers": 12,
  "num_return_sequences": 1,
  "output_attentions": false,
  "output_hidden_states": false,
  "output_past": true,
  "pad_token_id": 0,
  "prefix": null,
  "pruned_heads": {},
  "repetition_penalty": 1.0,
  "task_specific_params": null,
  "temperature": 1.0,
  "top_k": 50,
  "top_p": 1.0,
  "torchscript": false,
  "type_vocab_size": 2,
  "use_bfloat16": false,
  "vocab_size": 30522
}

10/10/2021 01:33:14 - INFO - transformers.modeling_utils -   loading weights file ./ACE_shuffles_sentivent_5e5/pytorch_model.bin
10/10/2021 01:33:16 - INFO - __main__ -   Loading features from cached file ./ACE05_shuffles_sentivent/cached_test_bert-base-uncased_128_ace
10/10/2021 01:33:17 - INFO - __main__ -   ***** Running evaluation  *****
10/10/2021 01:33:17 - INFO - __main__ -     Num examples = 10496
10/10/2021 01:33:17 - INFO - __main__ -     Batch size = 42
10/10/2021 01:33:48 - INFO - __main__ -   ***** Eval results  is test:True *****
10/10/2021 01:33:48 - INFO - __main__ -     eval_f1 = 0.10240963855421686
10/10/2021 01:33:48 - INFO - __main__ -     eval_loss = 0.21362743252287328
10/10/2021 01:33:48 - INFO - __main__ -     eval_p = 0.26153846153846155
10/10/2021 01:33:48 - INFO - __main__ -     eval_recall = 0.06367041198501873
10/10/2021 01:33:49 - INFO - __main__ -   Evaluate the following checkpoints: ['./ACE_shuffles_sentivent_5e5']
10/10/2021 01:33:49 - INFO - transformers.configuration_utils -   loading configuration file ./ACE_shuffles_sentivent_5e5/config.json
10/10/2021 01:33:49 - INFO - transformers.configuration_utils -   Model config BertConfig {
  "_num_labels": 19,
  "architectures": [
    "DMBERT"
  ],
  "attention_probs_dropout_prob": 0.1,
  "bad_words_ids": null,
  "bos_token_id": null,
  "decoder_start_token_id": null,
  "do_sample": false,
  "early_stopping": false,
  "eos_token_id": null,
  "finetuning_task": "ace",
  "hidden_act": "gelu",
  "hidden_dropout_prob": 0.1,
  "hidden_size": 768,
  "id2label": {
    "0": "LABEL_0",
    "1": "LABEL_1",
    "2": "LABEL_2",
    "3": "LABEL_3",
    "4": "LABEL_4",
    "5": "LABEL_5",
    "6": "LABEL_6",
    "7": "LABEL_7",
    "8": "LABEL_8",
    "9": "LABEL_9",
    "10": "LABEL_10",
    "11": "LABEL_11",
    "12": "LABEL_12",
    "13": "LABEL_13",
    "14": "LABEL_14",
    "15": "LABEL_15",
    "16": "LABEL_16",
    "17": "LABEL_17",
    "18": "LABEL_18"
  },
  "initializer_range": 0.02,
  "intermediate_size": 3072,
  "is_decoder": false,
  "is_encoder_decoder": false,
  "label2id": {
    "LABEL_0": 0,
    "LABEL_1": 1,
    "LABEL_10": 10,
    "LABEL_11": 11,
    "LABEL_12": 12,
    "LABEL_13": 13,
    "LABEL_14": 14,
    "LABEL_15": 15,
    "LABEL_16": 16,
    "LABEL_17": 17,
    "LABEL_18": 18,
    "LABEL_2": 2,
    "LABEL_3": 3,
    "LABEL_4": 4,
    "LABEL_5": 5,
    "LABEL_6": 6,
    "LABEL_7": 7,
    "LABEL_8": 8,
    "LABEL_9": 9
  },
  "layer_norm_eps": 1e-12,
  "length_penalty": 1.0,
  "max_length": 20,
  "max_position_embeddings": 512,
  "min_length": 0,
  "model_type": "bert",
  "no_repeat_ngram_size": 0,
  "num_attention_heads": 12,
  "num_beams": 1,
  "num_hidden_layers": 12,
  "num_return_sequences": 1,
  "output_attentions": false,
  "output_hidden_states": false,
  "output_past": true,
  "pad_token_id": 0,
  "prefix": null,
  "pruned_heads": {},
  "repetition_penalty": 1.0,
  "task_specific_params": null,
  "temperature": 1.0,
  "top_k": 50,
  "top_p": 1.0,
  "torchscript": false,
  "type_vocab_size": 2,
  "use_bfloat16": false,
  "vocab_size": 30522
}

10/10/2021 01:33:49 - INFO - transformers.modeling_utils -   loading weights file ./ACE_shuffles_sentivent_5e5/pytorch_model.bin
10/10/2021 01:33:50 - INFO - __main__ -   Loading features from cached file ./ACE05_shuffles_sentivent/cached_test_bert-base-uncased_128_ace
10/10/2021 01:33:51 - INFO - __main__ -   ***** Running evaluation  *****
10/10/2021 01:33:51 - INFO - __main__ -     Num examples = 10496
10/10/2021 01:33:51 - INFO - __main__ -     Batch size = 42
10/10/2021 01:34:23 - INFO - __main__ -   ***** Eval results  is test:True *****
10/10/2021 01:34:23 - INFO - __main__ -     eval_f1 = 0.10240963855421686
10/10/2021 01:34:23 - INFO - __main__ -     eval_loss = 0.21362743252287328
10/10/2021 01:34:23 - INFO - __main__ -     eval_p = 0.26153846153846155
10/10/2021 01:34:23 - INFO - __main__ -     eval_recall = 0.06367041198501873
10/10/2021 01:34:23 - INFO - __main__ -   best steps of eval f1 is the following checkpoints: 5400
